
TKPROF: Release 10.2.0.1.0 - Production on Fr Jan 12 10:44:50 2007

Copyright (c) 1982, 2005, Oracle.  All rights reserved.

Trace file: C:\Software\oracle\product\admin\ww10g2\udump\ww10g2_ora_80433_3968.trc
Sort options: default

********************************************************************************
count    = number of times OCI procedure was executed
cpu      = cpu time in seconds executing 
elapsed  = elapsed time in seconds executing
disk     = number of physical reads of buffers from disk
query    = number of buffers gotten for consistent read
current  = number of buffers gotten in current mode (usually for update)
rows     = number of rows processed by the fetch or execute call
--------------------------------------------------------------------------------

*** SESSION ID:(129.26) 2007-01-12 09:52:35.640

********************************************************************************

ALTER SESSION SET SQL_TRACE=TRUE


call     count       cpu    elapsed       disk      query    current        rows
------- ------  -------- ---------- ---------- ---------- ----------  ----------
Parse        0      0.00       0.00          0          0          0           0
Execute      1      0.00       0.00          0          0          0           0
Fetch        0      0.00       0.00          0          0          0           0
------- ------  -------- ---------- ---------- ---------- ----------  ----------
total        1      0.00       0.00          0          0          0           0

Misses in library cache during parse: 0
Optimizer mode: ALL_ROWS
Parsing user id: 75  
********************************************************************************

SELECT *
FROM TSMT_MDB_ACCOUNT_RUD
WHERE COMPANY_CD LIKE '%201'

call     count       cpu    elapsed       disk      query    current        rows
------- ------  -------- ---------- ---------- ---------- ----------  ----------
Parse        1      0.00       0.00          0          0          0           0
Execute      1      0.00       0.00          0          0          0           0
Fetch    39043      2.09       2.00      24581      63665          0      390428
------- ------  -------- ---------- ---------- ---------- ----------  ----------
total    39045      2.09       2.00      24581      63665          0      390428

Misses in library cache during parse: 0
Optimizer mode: ALL_ROWS
Parsing user id: 75  

Rows     Row Source Operation
-------  ---------------------------------------------------
 390428  TABLE ACCESS FULL TSMT_MDB_ACCOUNT_RUD (cr=63665 pr=24581 pw=0 time=1563737 us)

********************************************************************************

SELECT *
FROM TSMT_MDB_ACCOUNT_RUD
WHERE COMPANY_CD LIKE '_201'

call     count       cpu    elapsed       disk      query    current        rows
------- ------  -------- ---------- ---------- ---------- ----------  ----------
Parse        1      0.00       0.00          0          0          0           0
Execute      1      0.00       0.00          0          0          0           0
Fetch    39043      2.21       1.97      24584      63665          0      390428
------- ------  -------- ---------- ---------- ---------- ----------  ----------
total    39045      2.21       1.97      24584      63665          0      390428

Misses in library cache during parse: 0
Optimizer mode: ALL_ROWS
Parsing user id: 75  

Rows     Row Source Operation
-------  ---------------------------------------------------
 390428  TABLE ACCESS FULL TSMT_MDB_ACCOUNT_RUD (cr=63665 pr=24584 pw=0 time=1562759 us)

********************************************************************************

SELECT *
FROM TSMT_MDB_ACCOUNT_RUD
WHERE COMPANY_CD LIKE '%201'

call     count       cpu    elapsed       disk      query    current        rows
------- ------  -------- ---------- ---------- ---------- ----------  ----------
Parse        1      0.00       0.00          0          0          0           0
Execute      1      0.00       0.00          0          0          0           0
Fetch    39043      1.98       2.01      24585      63665          0      390428
------- ------  -------- ---------- ---------- ---------- ----------  ----------
total    39045      1.98       2.01      24585      63665          0      390428

Misses in library cache during parse: 0
Optimizer mode: ALL_ROWS
Parsing user id: 75  

Rows     Row Source Operation
-------  ---------------------------------------------------
 390428  TABLE ACCESS FULL TSMT_MDB_ACCOUNT_RUD (cr=63665 pr=24585 pw=0 time=1562680 us)

********************************************************************************

SELECT *
FROM TSMT_MDB_ACCOUNT_RUD
WHERE COMPANY_CD LIKE '_201'

call     count       cpu    elapsed       disk      query    current        rows
------- ------  -------- ---------- ---------- ---------- ----------  ----------
Parse        1      0.00       0.00          0          0          0           0
Execute      1      0.00       0.00          0          0          0           0
Fetch    39043      2.14       1.97      24585      63665          0      390428
------- ------  -------- ---------- ---------- ---------- ----------  ----------
total    39045      2.14       1.97      24585      63665          0      390428

Misses in library cache during parse: 0
Optimizer mode: ALL_ROWS
Parsing user id: 75  

Rows     Row Source Operation
-------  ---------------------------------------------------
 390428  TABLE ACCESS FULL TSMT_MDB_ACCOUNT_RUD (cr=63665 pr=24585 pw=0 time=1562709 us)

********************************************************************************

SELECT *
FROM TSMT_MDB_ACCOUNT_RUD
WHERE COMPANY_CD LIKE '%201'

call     count       cpu    elapsed       disk      query    current        rows
------- ------  -------- ---------- ---------- ---------- ----------  ----------
Parse        1      0.00       0.00          0          0          0           0
Execute      1      0.00       0.00          0          0          0           0
Fetch    39043      2.07       1.99      24583      63665          0      390428
------- ------  -------- ---------- ---------- ---------- ----------  ----------
total    39045      2.07       1.99      24583      63665          0      390428

Misses in library cache during parse: 0
Optimizer mode: ALL_ROWS
Parsing user id: 75  

Rows     Row Source Operation
-------  ---------------------------------------------------
 390428  TABLE ACCESS FULL TSMT_MDB_ACCOUNT_RUD (cr=63665 pr=24583 pw=0 time=1562769 us)

********************************************************************************

SELECT *
FROM TSMT_MDB_ACCOUNT_RUD
WHERE COMPANY_CD LIKE '_201'

call     count       cpu    elapsed       disk      query    current        rows
------- ------  -------- ---------- ---------- ---------- ----------  ----------
Parse        1      0.00       0.00          0          0          0           0
Execute      1      0.00       0.00          0          0          0           0
Fetch    39043      1.89       1.89      24585      63665          0      390428
------- ------  -------- ---------- ---------- ---------- ----------  ----------
total    39045      1.89       1.89      24585      63665          0      390428

Misses in library cache during parse: 0
Optimizer mode: ALL_ROWS
Parsing user id: 75  

Rows     Row Source Operation
-------  ---------------------------------------------------
 390428  TABLE ACCESS FULL TSMT_MDB_ACCOUNT_RUD (cr=63665 pr=24585 pw=0 time=1562830 us)

********************************************************************************

SELECT *
FROM TSMT_MDB_ACCOUNT_RUD
WHERE COMPANY_CD LIKE '%201'

call     count       cpu    elapsed       disk      query    current        rows
------- ------  -------- ---------- ---------- ---------- ----------  ----------
Parse        1      0.00       0.00          0          0          0           0
Execute      1      0.00       0.00          0          0          0           0
Fetch    39043      2.04       1.87      24583      63665          0      390428
------- ------  -------- ---------- ---------- ---------- ----------  ----------
total    39045      2.04       1.87      24583      63665          0      390428

Misses in library cache during parse: 0
Optimizer mode: ALL_ROWS
Parsing user id: 75  

Rows     Row Source Operation
-------  ---------------------------------------------------
 390428  TABLE ACCESS FULL TSMT_MDB_ACCOUNT_RUD (cr=63665 pr=24583 pw=0 time=1562693 us)

********************************************************************************

SELECT *
FROM TSMT_MDB_ACCOUNT_RUD
WHERE COMPANY_CD LIKE '_201'

call     count       cpu    elapsed       disk      query    current        rows
------- ------  -------- ---------- ---------- ---------- ----------  ----------
Parse        1      0.00       0.00          0          0          0           0
Execute      1      0.00       0.00          0          0          0           0
Fetch    39043      1.93       1.89      24585      63665          0      390428
------- ------  -------- ---------- ---------- ---------- ----------  ----------
total    39045      1.93       1.89      24585      63665          0      390428

Misses in library cache during parse: 0
Optimizer mode: ALL_ROWS
Parsing user id: 75  

Rows     Row Source Operation
-------  ---------------------------------------------------
 390428  TABLE ACCESS FULL TSMT_MDB_ACCOUNT_RUD (cr=63665 pr=24585 pw=0 time=1563330 us)

********************************************************************************

SELECT *
FROM TSMT_MDB_ACCOUNT_RUD
WHERE COMPANY_CD LIKE '%201'

call     count       cpu    elapsed       disk      query    current        rows
------- ------  -------- ---------- ---------- ---------- ----------  ----------
Parse        1      0.00       0.00          0          0          0           0
Execute      1      0.00       0.00          0          0          0           0
Fetch    39043      1.98       1.87      24585      63665          0      390428
------- ------  -------- ---------- ---------- ---------- ----------  ----------
total    39045      1.98       1.87      24585      63665          0      390428

Misses in library cache during parse: 0
Optimizer mode: ALL_ROWS
Parsing user id: 75  

Rows     Row Source Operation
-------  ---------------------------------------------------
 390428  TABLE ACCESS FULL TSMT_MDB_ACCOUNT_RUD (cr=63665 pr=24585 pw=0 time=1562991 us)

********************************************************************************

SELECT *
FROM TSMT_MDB_ACCOUNT_RUD
WHERE COMPANY_CD LIKE '_201'

call     count       cpu    elapsed       disk      query    current        rows
------- ------  -------- ---------- ---------- ---------- ----------  ----------
Parse        1      0.00       0.00          0          0          0           0
Execute      1      0.00       0.00          0          0          0           0
Fetch    39043      1.92       1.89      24585      63665          0      390428
------- ------  -------- ---------- ---------- ---------- ----------  ----------
total    39045      1.92       1.89      24585      63665          0      390428

Misses in library cache during parse: 0
Optimizer mode: ALL_ROWS
Parsing user id: 75  

Rows     Row Source Operation
-------  ---------------------------------------------------
 390428  TABLE ACCESS FULL TSMT_MDB_ACCOUNT_RUD (cr=63665 pr=24585 pw=0 time=1562717 us)

********************************************************************************

SELECT *
FROM TSMT_MDB_ACCOUNT_RUD
WHERE COMPANY_CD LIKE '%201'

call     count       cpu    elapsed       disk      query    current        rows
------- ------  -------- ---------- ---------- ---------- ----------  ----------
Parse        1      0.00       0.00          0          0          0           0
Execute      1      0.00       0.00          0          0          0           0
Fetch    39043      1.93       1.87      24585      63665          0      390428
------- ------  -------- ---------- ---------- ---------- ----------  ----------
total    39045      1.93       1.87      24585      63665          0      390428

Misses in library cache during parse: 0
Optimizer mode: ALL_ROWS
Parsing user id: 75  

Rows     Row Source Operation
-------  ---------------------------------------------------
 390428  TABLE ACCESS FULL TSMT_MDB_ACCOUNT_RUD (cr=63665 pr=24585 pw=0 time=1562699 us)

********************************************************************************

SELECT *
FROM TSMT_MDB_ACCOUNT_RUD
WHERE COMPANY_CD LIKE '_201'

call     count       cpu    elapsed       disk      query    current        rows
------- ------  -------- ---------- ---------- ---------- ----------  ----------
Parse        1      0.00       0.00          0          0          0           0
Execute      1      0.00       0.00          0          0          0           0
Fetch    39043      2.12       1.88      24583      63665          0      390428
------- ------  -------- ---------- ---------- ---------- ----------  ----------
total    39045      2.12       1.88      24583      63665          0      390428

Misses in library cache during parse: 0
Optimizer mode: ALL_ROWS
Parsing user id: 75  

Rows     Row Source Operation
-------  ---------------------------------------------------
 390428  TABLE ACCESS FULL TSMT_MDB_ACCOUNT_RUD (cr=63665 pr=24583 pw=0 time=1562726 us)

********************************************************************************

SELECT *
FROM TSMT_MDB_ACCOUNT_RUD
WHERE COMPANY_CD LIKE '%201'

call     count       cpu    elapsed       disk      query    current        rows
------- ------  -------- ---------- ---------- ---------- ----------  ----------
Parse        1      0.00       0.00          0          0          0           0
Execute      1      0.00       0.00          0          0          0           0
Fetch    39043      1.98       1.87      24583      63665          0      390428
------- ------  -------- ---------- ---------- ---------- ----------  ----------
total    39045      1.98       1.87      24583      63665          0      390428

Misses in library cache during parse: 0
Optimizer mode: ALL_ROWS
Parsing user id: 75  

Rows     Row Source Operation
-------  ---------------------------------------------------
 390428  TABLE ACCESS FULL TSMT_MDB_ACCOUNT_RUD (cr=63665 pr=24583 pw=0 time=1562744 us)

********************************************************************************

SELECT *
FROM TSMT_MDB_ACCOUNT_RUD
WHERE COMPANY_CD LIKE '_201'

call     count       cpu    elapsed       disk      query    current        rows
------- ------  -------- ---------- ---------- ---------- ----------  ----------
Parse        1      0.00       0.00          0          0          0           0
Execute      1      0.00       0.00          0          0          0           0
Fetch    39043      2.03       1.95      24586      63665          0      390428
------- ------  -------- ---------- ---------- ---------- ----------  ----------
total    39045      2.03       1.95      24586      63665          0      390428

Misses in library cache during parse: 0
Optimizer mode: ALL_ROWS
Parsing user id: 75  

Rows     Row Source Operation
-------  ---------------------------------------------------
 390428  TABLE ACCESS FULL TSMT_MDB_ACCOUNT_RUD (cr=63665 pr=24586 pw=0 time=1562971 us)

********************************************************************************

SELECT *
FROM TSMT_MDB_ACCOUNT_RUD
WHERE COMPANY_CD LIKE '%201'

call     count       cpu    elapsed       disk      query    current        rows
------- ------  -------- ---------- ---------- ---------- ----------  ----------
Parse        1      0.00       0.00          0          0          0           0
Execute      1      0.00       0.00          0          0          0           0
Fetch    39043      2.07       1.93      24587      63665          0      390428
------- ------  -------- ---------- ---------- ---------- ----------  ----------
total    39045      2.07       1.93      24587      63665          0      390428

Misses in library cache during parse: 0
Optimizer mode: ALL_ROWS
Parsing user id: 75  

Rows     Row Source Operation
-------  ---------------------------------------------------
 390428  TABLE ACCESS FULL TSMT_MDB_ACCOUNT_RUD (cr=63665 pr=24587 pw=0 time=1562704 us)

********************************************************************************

SELECT *
FROM TSMT_MDB_ACCOUNT_RUD
WHERE COMPANY_CD LIKE '_201'

call     count       cpu    elapsed       disk      query    current        rows
------- ------  -------- ---------- ---------- ---------- ----------  ----------
Parse        1      0.00       0.00          0          0          0           0
Execute      1      0.00       0.00          0          0          0           0
Fetch    39043      2.14       1.87      24586      63665          0      390428
------- ------  -------- ---------- ---------- ---------- ----------  ----------
total    39045      2.14       1.87      24586      63665          0      390428

Misses in library cache during parse: 0
Optimizer mode: ALL_ROWS
Parsing user id: 75  

Rows     Row Source Operation
-------  ---------------------------------------------------
 390428  TABLE ACCESS FULL TSMT_MDB_ACCOUNT_RUD (cr=63665 pr=24586 pw=0 time=1562681 us)

********************************************************************************

SELECT *
FROM TSMT_MDB_ACCOUNT_RUD
WHERE COMPANY_CD LIKE '%201'

call     count       cpu    elapsed       disk      query    current        rows
------- ------  -------- ---------- ---------- ---------- ----------  ----------
Parse        1      0.00       0.00          0          0          0           0
Execute      1      0.00       0.00          0          0          0           0
Fetch    39043      2.07       1.89      24582      63665          0      390428
------- ------  -------- ---------- ---------- ---------- ----------  ----------
total    39045      2.07       1.89      24582      63665          0      390428

Misses in library cache during parse: 0
Optimizer mode: ALL_ROWS
Parsing user id: 75  

Rows     Row Source Operation
-------  ---------------------------------------------------
 390428  TABLE ACCESS FULL TSMT_MDB_ACCOUNT_RUD (cr=63665 pr=24582 pw=0 time=1562723 us)

********************************************************************************

SELECT *
FROM TSMT_MDB_ACCOUNT_RUD
WHERE COMPANY_CD LIKE '_201'

call     count       cpu    elapsed       disk      query    current        rows
------- ------  -------- ---------- ---------- ---------- ----------  ----------
Parse        1      0.00       0.00          0          0          0           0
Execute      1      0.00       0.00          0          0          0           0
Fetch    39043      2.01       1.89      24584      63665          0      390428
------- ------  -------- ---------- ---------- ---------- ----------  ----------
total    39045      2.01       1.89      24584      63665          0      390428

Misses in library cache during parse: 0
Optimizer mode: ALL_ROWS
Parsing user id: 75  

Rows     Row Source Operation
-------  ---------------------------------------------------
 390428  TABLE ACCESS FULL TSMT_MDB_ACCOUNT_RUD (cr=63665 pr=24584 pw=0 time=1562774 us)

********************************************************************************

SELECT *
FROM TSMT_MDB_ACCOUNT_RUD
WHERE COMPANY_CD LIKE '%201'

call     count       cpu    elapsed       disk      query    current        rows
------- ------  -------- ---------- ---------- ---------- ----------  ----------
Parse        1      0.00       0.00          0          0          0           0
Execute      1      0.00       0.00          0          0          0           0
Fetch    39043      2.26       1.97      24587      63665          0      390428
------- ------  -------- ---------- ---------- ---------- ----------  ----------
total    39045      2.26       1.97      24587      63665          0      390428

Misses in library cache during parse: 0
Optimizer mode: ALL_ROWS
Parsing user id: 75  

Rows     Row Source Operation
-------  ---------------------------------------------------
 390428  TABLE ACCESS FULL TSMT_MDB_ACCOUNT_RUD (cr=63665 pr=24587 pw=0 time=1562752 us)

********************************************************************************

SELECT *
FROM TSMT_MDB_ACCOUNT_RUD
WHERE COMPANY_CD LIKE '_201'

call     count       cpu    elapsed       disk      query    current        rows
------- ------  -------- ---------- ---------- ---------- ----------  ----------
Parse        1      0.00       0.00          0          0          0           0
Execute      1      0.00       0.00          0          0          0           0
Fetch    39043      1.93       1.98      24587      63665          0      390428
------- ------  -------- ---------- ---------- ---------- ----------  ----------
total    39045      1.93       1.98      24587      63665          0      390428

Misses in library cache during parse: 0
Optimizer mode: ALL_ROWS
Parsing user id: 75  

Rows     Row Source Operation
-------  ---------------------------------------------------
 390428  TABLE ACCESS FULL TSMT_MDB_ACCOUNT_RUD (cr=63665 pr=24587 pw=0 time=1562695 us)

********************************************************************************

SELECT *
FROM TSMT_MDB_ACCOUNT_RUD
WHERE COMPANY_CD LIKE '%201'

call     count       cpu    elapsed       disk      query    current        rows
------- ------  -------- ---------- ---------- ---------- ----------  ----------
Parse        1      0.00       0.00          0          0          0           0
Execute      1      0.00       0.00          0          0          0           0
Fetch    39043      2.00       1.98      24586      63665          0      390428
------- ------  -------- ---------- ---------- ---------- ----------  ----------
total    39045      2.00       1.98      24586      63665          0      390428

Misses in library cache during parse: 0
Optimizer mode: ALL_ROWS
Parsing user id: 75  

Rows     Row Source Operation
-------  ---------------------------------------------------
 390428  TABLE ACCESS FULL TSMT_MDB_ACCOUNT_RUD (cr=63665 pr=24586 pw=0 time=1953082 us)

********************************************************************************

SELECT *
FROM TSMT_MDB_ACCOUNT_RUD
WHERE COMPANY_CD LIKE '_201'

call     count       cpu    elapsed       disk      query    current        rows
------- ------  -------- ---------- ---------- ---------- ----------  ----------
Parse        1      0.00       0.00          0          0          0           0
Execute      1      0.00       0.00          0          0          0           0
Fetch    39043      1.87       1.95      24581      63665          0      390428
------- ------  -------- ---------- ---------- ---------- ----------  ----------
total    39045      1.87       1.95      24581      63665          0      390428

Misses in library cache during parse: 0
Optimizer mode: ALL_ROWS
Parsing user id: 75  

Rows     Row Source Operation
-------  ---------------------------------------------------
 390428  TABLE ACCESS FULL TSMT_MDB_ACCOUNT_RUD (cr=63665 pr=24581 pw=0 time=1562685 us)

********************************************************************************

SELECT *
FROM TSMT_MDB_ACCOUNT_RUD
WHERE COMPANY_CD LIKE '%201'

call     count       cpu    elapsed       disk      query    current        rows
------- ------  -------- ---------- ---------- ---------- ----------  ----------
Parse        1      0.00       0.00          0          0          0           0
Execute      1      0.00       0.00          0          0          0           0
Fetch    39043      1.98       1.87      24585      63665          0      390428
------- ------  -------- ---------- ---------- ---------- ----------  ----------
total    39045      1.98       1.87      24585      63665          0      390428

Misses in library cache during parse: 0
Optimizer mode: ALL_ROWS
Parsing user id: 75  

Rows     Row Source Operation
-------  ---------------------------------------------------
 390428  TABLE ACCESS FULL TSMT_MDB_ACCOUNT_RUD (cr=63665 pr=24585 pw=0 time=1562828 us)

********************************************************************************

SELECT *
FROM TSMT_MDB_ACCOUNT_RUD
WHERE COMPANY_CD LIKE '_201'

call     count       cpu    elapsed       disk      query    current        rows
------- ------  -------- ---------- ---------- ---------- ----------  ----------
Parse        1      0.00       0.00          0          0          0           0
Execute      1      0.00       0.00          0          0          0           0
Fetch    39043      1.87       1.93      24587      63665          0      390428
------- ------  -------- ---------- ---------- ---------- ----------  ----------
total    39045      1.87       1.93      24587      63665          0      390428

Misses in library cache during parse: 0
Optimizer mode: ALL_ROWS
Parsing user id: 75  

Rows     Row Source Operation
-------  ---------------------------------------------------
 390428  TABLE ACCESS FULL TSMT_MDB_ACCOUNT_RUD (cr=63665 pr=24587 pw=0 time=1562784 us)

********************************************************************************

SELECT *
FROM TSMT_MDB_ACCOUNT_RUD
WHERE COMPANY_CD LIKE '%201'

call     count       cpu    elapsed       disk      query    current        rows
------- ------  -------- ---------- ---------- ---------- ----------  ----------
Parse        1      0.00       0.00          0          0          0           0
Execute      1      0.00       0.00          0          0          0           0
Fetch    39043      2.46       1.98      24584      63665          0      390428
------- ------  -------- ---------- ---------- ---------- ----------  ----------
total    39045      2.46       1.98      24584      63665          0      390428

Misses in library cache during parse: 0
Optimizer mode: ALL_ROWS
Parsing user id: 75  

Rows     Row Source Operation
-------  ---------------------------------------------------
 390428  TABLE ACCESS FULL TSMT_MDB_ACCOUNT_RUD (cr=63665 pr=24584 pw=0 time=1562701 us)

********************************************************************************

SELECT *
FROM TSMT_MDB_ACCOUNT_RUD
WHERE COMPANY_CD LIKE '_201'

call     count       cpu    elapsed       disk      query    current        rows
------- ------  -------- ---------- ---------- ---------- ----------  ----------
Parse        1      0.00       0.00          0          0          0           0
Execute      1      0.00       0.00          0          0          0           0
Fetch    39043      2.07       1.96      24588      63665          0      390428
------- ------  -------- ---------- ---------- ---------- ----------  ----------
total    39045      2.07       1.96      24588      63665          0      390428

Misses in library cache during parse: 0
Optimizer mode: ALL_ROWS
Parsing user id: 75  

Rows     Row Source Operation
-------  ---------------------------------------------------
 390428  TABLE ACCESS FULL TSMT_MDB_ACCOUNT_RUD (cr=63665 pr=24588 pw=0 time=1562803 us)

********************************************************************************

SELECT *
FROM TSMT_MDB_ACCOUNT_RUD
WHERE COMPANY_CD LIKE '%201'

call     count       cpu    elapsed       disk      query    current        rows
------- ------  -------- ---------- ---------- ---------- ----------  ----------
Parse        1      0.00       0.00          0          0          0           0
Execute      1      0.00       0.00          0          0          0           0
Fetch    39043      2.01       1.87      24587      63665          0      390428
------- ------  -------- ---------- ---------- ---------- ----------  ----------
total    39045      2.01       1.87      24587      63665          0      390428

Misses in library cache during parse: 0
Optimizer mode: ALL_ROWS
Parsing user id: 75  

Rows     Row Source Operation
-------  ---------------------------------------------------
 390428  TABLE ACCESS FULL TSMT_MDB_ACCOUNT_RUD (cr=63665 pr=24587 pw=0 time=1562769 us)

********************************************************************************

SELECT *
FROM TSMT_MDB_ACCOUNT_RUD
WHERE COMPANY_CD LIKE '_201'

call     count       cpu    elapsed       disk      query    current        rows
------- ------  -------- ---------- ---------- ---------- ----------  ----------
Parse        1      0.00       0.00          0          0          0           0
Execute      1      0.00       0.00          0          0          0           0
Fetch    39043      1.76       1.87      24588      63665          0      390428
------- ------  -------- ---------- ---------- ---------- ----------  ----------
total    39045      1.76       1.87      24588      63665          0      390428

Misses in library cache during parse: 0
Optimizer mode: ALL_ROWS
Parsing user id: 75  

Rows     Row Source Operation
-------  ---------------------------------------------------
 390428  TABLE ACCESS FULL TSMT_MDB_ACCOUNT_RUD (cr=63665 pr=24588 pw=0 time=1562688 us)

********************************************************************************

SELECT *
FROM TSMT_MDB_ACCOUNT_RUD
WHERE COMPANY_CD LIKE '%201'

call     count       cpu    elapsed       disk      query    current        rows
------- ------  -------- ---------- ---------- ---------- ----------  ----------
Parse        1      0.00       0.00          0          0          0           0
Execute      1      0.00       0.00          0          0          0           0
Fetch    39043      1.85       1.89      24588      63665          0      390428
------- ------  -------- ---------- ---------- ---------- ----------  ----------
total    39045      1.85       1.89      24588      63665          0      390428

Misses in library cache during parse: 0
Optimizer mode: ALL_ROWS
Parsing user id: 75  

Rows     Row Source Operation
-------  ---------------------------------------------------
 390428  TABLE ACCESS FULL TSMT_MDB_ACCOUNT_RUD (cr=63665 pr=24588 pw=0 time=1562709 us)

********************************************************************************

SELECT *
FROM TSMT_MDB_ACCOUNT_RUD
WHERE COMPANY_CD LIKE '_201'

call     count       cpu    elapsed       disk      query    current        rows
------- ------  -------- ---------- ---------- ---------- ----------  ----------
Parse        1      0.00       0.00          0          0          0           0
Execute      1      0.00       0.00          0          0          0           0
Fetch    39043      1.79       1.88      24588      63665          0      390428
------- ------  -------- ---------- ---------- ---------- ----------  ----------
total    39045      1.79       1.88      24588      63665          0      390428

Misses in library cache during parse: 0
Optimizer mode: ALL_ROWS
Parsing user id: 75  

Rows     Row Source Operation
-------  ---------------------------------------------------
 390428  TABLE ACCESS FULL TSMT_MDB_ACCOUNT_RUD (cr=63665 pr=24588 pw=0 time=1562709 us)

********************************************************************************

SELECT *
FROM TSMT_MDB_ACCOUNT_RUD
WHERE COMPANY_CD LIKE '%201'

call     count       cpu    elapsed       disk      query    current        rows
------- ------  -------- ---------- ---------- ---------- ----------  ----------
Parse        1      0.00       0.00          0          0          0           0
Execute      1      0.00       0.00          0          0          0           0
Fetch    39043      2.21       1.87      24588      63665          0      390428
------- ------  -------- ---------- ---------- ---------- ----------  ----------
total    39045      2.21       1.87      24588      63665          0      390428

Misses in library cache during parse: 0
Optimizer mode: ALL_ROWS
Parsing user id: 75  

Rows     Row Source Operation
-------  ---------------------------------------------------
 390428  TABLE ACCESS FULL TSMT_MDB_ACCOUNT_RUD (cr=63665 pr=24588 pw=0 time=1562733 us)

********************************************************************************

SELECT *
FROM TSMT_MDB_ACCOUNT_RUD
WHERE COMPANY_CD LIKE '_201'

call     count       cpu    elapsed       disk      query    current        rows
------- ------  -------- ---------- ---------- ---------- ----------  ----------
Parse        1      0.00       0.00          0          0          0           0
Execute      1      0.00       0.00          0          0          0           0
Fetch    39043      2.04       1.88      24588      63665          0      390428
------- ------  -------- ---------- ---------- ---------- ----------  ----------
total    39045      2.04       1.88      24588      63665          0      390428

Misses in library cache during parse: 0
Optimizer mode: ALL_ROWS
Parsing user id: 75  

Rows     Row Source Operation
-------  ---------------------------------------------------
 390428  TABLE ACCESS FULL TSMT_MDB_ACCOUNT_RUD (cr=63665 pr=24588 pw=0 time=1562727 us)

********************************************************************************

SELECT *
FROM TSMT_MDB_ACCOUNT_RUD
WHERE COMPANY_CD LIKE '%201'

call     count       cpu    elapsed       disk      query    current        rows
------- ------  -------- ---------- ---------- ---------- ----------  ----------
Parse        1      0.00       0.00          0          0          0           0
Execute      1      0.00       0.00          0          0          0           0
Fetch    39043      2.00       1.88      24588      63665          0      390428
------- ------  -------- ---------- ---------- ---------- ----------  ----------
total    39045      2.00       1.88      24588      63665          0      390428

Misses in library cache during parse: 0
Optimizer mode: ALL_ROWS
Parsing user id: 75  

Rows     Row Source Operation
-------  ---------------------------------------------------
 390428  TABLE ACCESS FULL TSMT_MDB_ACCOUNT_RUD (cr=63665 pr=24588 pw=0 time=1562709 us)

********************************************************************************

SELECT *
FROM TSMT_MDB_ACCOUNT_RUD
WHERE COMPANY_CD LIKE '_201'

call     count       cpu    elapsed       disk      query    current        rows
------- ------  -------- ---------- ---------- ---------- ----------  ----------
Parse        1      0.00       0.00          0          0          0           0
Execute      1      0.00       0.00          0          0          0           0
Fetch    39043      1.82       1.86      24586      63665          0      390428
------- ------  -------- ---------- ---------- ---------- ----------  ----------
total    39045      1.82       1.86      24586      63665          0      390428

Misses in library cache during parse: 0
Optimizer mode: ALL_ROWS
Parsing user id: 75  

Rows     Row Source Operation
-------  ---------------------------------------------------
 390428  TABLE ACCESS FULL TSMT_MDB_ACCOUNT_RUD (cr=63665 pr=24586 pw=0 time=1562717 us)

********************************************************************************

SELECT *
FROM TSMT_MDB_ACCOUNT_RUD
WHERE COMPANY_CD LIKE '%201'

call     count       cpu    elapsed       disk      query    current        rows
------- ------  -------- ---------- ---------- ---------- ----------  ----------
Parse        1      0.00       0.00          0          0          0           0
Execute      1      0.00       0.00          0          0          0           0
Fetch    39043      1.85       1.88      24587      63665          0      390428
------- ------  -------- ---------- ---------- ---------- ----------  ----------
total    39045      1.85       1.88      24587      63665          0      390428

Misses in library cache during parse: 0
Optimizer mode: ALL_ROWS
Parsing user id: 75  

Rows     Row Source Operation
-------  ---------------------------------------------------
 390428  TABLE ACCESS FULL TSMT_MDB_ACCOUNT_RUD (cr=63665 pr=24587 pw=0 time=1562743 us)

********************************************************************************

SELECT *
FROM TSMT_MDB_ACCOUNT_RUD
WHERE COMPANY_CD LIKE '_201'

call     count       cpu    elapsed       disk      query    current        rows
------- ------  -------- ---------- ---------- ---------- ----------  ----------
Parse        1      0.00       0.00          0          0          0           0
Execute      1      0.00       0.00          0          0          0           0
Fetch    39043      2.03       2.03      24608      63665          0      390428
------- ------  -------- ---------- ---------- ---------- ----------  ----------
total    39045      2.03       2.03      24608      63665          0      390428

Misses in library cache during parse: 0
Optimizer mode: ALL_ROWS
Parsing user id: 75  

Rows     Row Source Operation
-------  ---------------------------------------------------
 390428  TABLE ACCESS FULL TSMT_MDB_ACCOUNT_RUD (cr=63665 pr=24608 pw=0 time=1562705 us)

********************************************************************************

SELECT *
FROM TSMT_MDB_ACCOUNT_RUD
WHERE COMPANY_CD LIKE '%201'

call     count       cpu    elapsed       disk      query    current        rows
------- ------  -------- ---------- ---------- ---------- ----------  ----------
Parse        1      0.00       0.00          0          0          0           0
Execute      1      0.00       0.00          0          0          0           0
Fetch    39043      2.15       1.96      24616      63665          0      390428
------- ------  -------- ---------- ---------- ---------- ----------  ----------
total    39045      2.15       1.96      24616      63665          0      390428

Misses in library cache during parse: 0
Optimizer mode: ALL_ROWS
Parsing user id: 75  

Rows     Row Source Operation
-------  ---------------------------------------------------
 390428  TABLE ACCESS FULL TSMT_MDB_ACCOUNT_RUD (cr=63665 pr=24616 pw=0 time=1562680 us)

********************************************************************************

SELECT *
FROM TSMT_MDB_ACCOUNT_RUD
WHERE COMPANY_CD LIKE '_201'

call     count       cpu    elapsed       disk      query    current        rows
------- ------  -------- ---------- ---------- ---------- ----------  ----------
Parse        1      0.00       0.00          0          0          0           0
Execute      1      0.00       0.00          0          0          0           0
Fetch    39043      2.34       1.98      24616      63665          0      390428
------- ------  -------- ---------- ---------- ---------- ----------  ----------
total    39045      2.34       1.98      24616      63665          0      390428

Misses in library cache during parse: 0
Optimizer mode: ALL_ROWS
Parsing user id: 75  

Rows     Row Source Operation
-------  ---------------------------------------------------
 390428  TABLE ACCESS FULL TSMT_MDB_ACCOUNT_RUD (cr=63665 pr=24616 pw=0 time=1562764 us)

********************************************************************************

SELECT *
FROM TSMT_MDB_ACCOUNT_RUD
WHERE COMPANY_CD LIKE '%201'

call     count       cpu    elapsed       disk      query    current        rows
------- ------  -------- ---------- ---------- ---------- ----------  ----------
Parse        1      0.00       0.00          0          0          0           0
Execute      1      0.00       0.00          0          0          0           0
Fetch    39043      2.21       2.01      24616      63665          0      390428
------- ------  -------- ---------- ---------- ---------- ----------  ----------
total    39045      2.21       2.01      24616      63665          0      390428

Misses in library cache during parse: 0
Optimizer mode: ALL_ROWS
Parsing user id: 75  

Rows     Row Source Operation
-------  ---------------------------------------------------
 390428  TABLE ACCESS FULL TSMT_MDB_ACCOUNT_RUD (cr=63665 pr=24616 pw=0 time=1562745 us)

********************************************************************************

SELECT *
FROM TSMT_MDB_ACCOUNT_RUD
WHERE COMPANY_CD LIKE '_201'

call     count       cpu    elapsed       disk      query    current        rows
------- ------  -------- ---------- ---------- ---------- ----------  ----------
Parse        1      0.00       0.00          0          0          0           0
Execute      1      0.00       0.00          0          0          0           0
Fetch    39043      2.50       2.00      24616      63665          0      390428
------- ------  -------- ---------- ---------- ---------- ----------  ----------
total    39045      2.50       2.00      24616      63665          0      390428

Misses in library cache during parse: 0
Optimizer mode: ALL_ROWS
Parsing user id: 75  

Rows     Row Source Operation
-------  ---------------------------------------------------
 390428  TABLE ACCESS FULL TSMT_MDB_ACCOUNT_RUD (cr=63665 pr=24616 pw=0 time=1562711 us)

********************************************************************************

SELECT *
FROM TSMT_MDB_ACCOUNT_RUD
WHERE COMPANY_CD LIKE '%201'

call     count       cpu    elapsed       disk      query    current        rows
------- ------  -------- ---------- ---------- ---------- ----------  ----------
Parse        1      0.00       0.00          0          0          0           0
Execute      1      0.00       0.00          0          0          0           0
Fetch    39043      2.32       1.97      24615      63665          0      390428
------- ------  -------- ---------- ---------- ---------- ----------  ----------
total    39045      2.32       1.97      24615      63665          0      390428

Misses in library cache during parse: 0
Optimizer mode: ALL_ROWS
Parsing user id: 75  

Rows     Row Source Operation
-------  ---------------------------------------------------
 390428  TABLE ACCESS FULL TSMT_MDB_ACCOUNT_RUD (cr=63665 pr=24615 pw=0 time=1562490 us)

********************************************************************************

SELECT *
FROM TSMT_MDB_ACCOUNT_RUD
WHERE COMPANY_CD LIKE '_201'

call     count       cpu    elapsed       disk      query    current        rows
------- ------  -------- ---------- ---------- ---------- ----------  ----------
Parse        1      0.00       0.00          0          0          0           0
Execute      1      0.00       0.00          0          0          0           0
Fetch    39043      2.23       1.96      24616      63665          0      390428
------- ------  -------- ---------- ---------- ---------- ----------  ----------
total    39045      2.23       1.96      24616      63665          0      390428

Misses in library cache during parse: 0
Optimizer mode: ALL_ROWS
Parsing user id: 75  

Rows     Row Source Operation
-------  ---------------------------------------------------
 390428  TABLE ACCESS FULL TSMT_MDB_ACCOUNT_RUD (cr=63665 pr=24616 pw=0 time=1562680 us)

********************************************************************************

SELECT *
FROM TSMT_MDB_ACCOUNT_RUD
WHERE COMPANY_CD LIKE '%201'

call     count       cpu    elapsed       disk      query    current        rows
------- ------  -------- ---------- ---------- ---------- ----------  ----------
Parse        1      0.00       0.00          0          0          0           0
Execute      1      0.00       0.00          0          0          0           0
Fetch    39043      1.95       1.93      24616      63665          0      390428
------- ------  -------- ---------- ---------- ---------- ----------  ----------
total    39045      1.95       1.93      24616      63665          0      390428

Misses in library cache during parse: 0
Optimizer mode: ALL_ROWS
Parsing user id: 75  

Rows     Row Source Operation
-------  ---------------------------------------------------
 390428  TABLE ACCESS FULL TSMT_MDB_ACCOUNT_RUD (cr=63665 pr=24616 pw=0 time=1562775 us)

********************************************************************************

SELECT *
FROM TSMT_MDB_ACCOUNT_RUD
WHERE COMPANY_CD LIKE '_201'

call     count       cpu    elapsed       disk      query    current        rows
------- ------  -------- ---------- ---------- ---------- ----------  ----------
Parse        1      0.00       0.00          0          0          0           0
Execute      1      0.00       0.00          0          0          0           0
Fetch    39043      2.09       1.98      24616      63665          0      390428
------- ------  -------- ---------- ---------- ---------- ----------  ----------
total    39045      2.09       1.98      24616      63665          0      390428

Misses in library cache during parse: 0
Optimizer mode: ALL_ROWS
Parsing user id: 75  

Rows     Row Source Operation
-------  ---------------------------------------------------
 390428  TABLE ACCESS FULL TSMT_MDB_ACCOUNT_RUD (cr=63665 pr=24616 pw=0 time=1562721 us)

********************************************************************************

SELECT *
FROM TSMT_MDB_ACCOUNT_RUD
WHERE COMPANY_CD LIKE '%201'

call     count       cpu    elapsed       disk      query    current        rows
------- ------  -------- ---------- ---------- ---------- ----------  ----------
Parse        1      0.00       0.00          0          0          0           0
Execute      1      0.00       0.00          0          0          0           0
Fetch    39043      2.29       2.01      24617      63665          0      390428
------- ------  -------- ---------- ---------- ---------- ----------  ----------
total    39045      2.29       2.01      24617      63665          0      390428

Misses in library cache during parse: 0
Optimizer mode: ALL_ROWS
Parsing user id: 75  

Rows     Row Source Operation
-------  ---------------------------------------------------
 390428  TABLE ACCESS FULL TSMT_MDB_ACCOUNT_RUD (cr=63665 pr=24617 pw=0 time=1562739 us)

********************************************************************************

SELECT *
FROM TSMT_MDB_ACCOUNT_RUD
WHERE COMPANY_CD LIKE '_201'

call     count       cpu    elapsed       disk      query    current        rows
------- ------  -------- ---------- ---------- ---------- ----------  ----------
Parse        1      0.00       0.00          0          0          0           0
Execute      1      0.00       0.00          0          0          0           0
Fetch    39043      2.18       1.97      24618      63665          0      390428
------- ------  -------- ---------- ---------- ---------- ----------  ----------
total    39045      2.18       1.97      24618      63665          0      390428

Misses in library cache during parse: 0
Optimizer mode: ALL_ROWS
Parsing user id: 75  

Rows     Row Source Operation
-------  ---------------------------------------------------
 390428  TABLE ACCESS FULL TSMT_MDB_ACCOUNT_RUD (cr=63665 pr=24618 pw=0 time=1562783 us)

********************************************************************************

SELECT *
FROM TSMT_MDB_ACCOUNT_RUD
WHERE COMPANY_CD LIKE '%201'

call     count       cpu    elapsed       disk      query    current        rows
------- ------  -------- ---------- ---------- ---------- ----------  ----------
Parse        1      0.00       0.00          0          0          0           0
Execute      1      0.00       0.00          0          0          0           0
Fetch    39043      1.98       1.98      24618      63665          0      390428
------- ------  -------- ---------- ---------- ---------- ----------  ----------
total    39045      1.98       1.98      24618      63665          0      390428

Misses in library cache during parse: 0
Optimizer mode: ALL_ROWS
Parsing user id: 75  

Rows     Row Source Operation
-------  ---------------------------------------------------
 390428  TABLE ACCESS FULL TSMT_MDB_ACCOUNT_RUD (cr=63665 pr=24618 pw=0 time=1562817 us)

********************************************************************************

SELECT *
FROM TSMT_MDB_ACCOUNT_RUD
WHERE COMPANY_CD LIKE '_201'

call     count       cpu    elapsed       disk      query    current        rows
------- ------  -------- ---------- ---------- ---------- ----------  ----------
Parse        1      0.00       0.00          0          0          0           0
Execute      1      0.00       0.00          0          0          0           0
Fetch    39043      2.09       1.94      24618      63665          0      390428
------- ------  -------- ---------- ---------- ---------- ----------  ----------
total    39045      2.09       1.94      24618      63665          0      390428

Misses in library cache during parse: 0
Optimizer mode: ALL_ROWS
Parsing user id: 75  

Rows     Row Source Operation
-------  ---------------------------------------------------
 390428  TABLE ACCESS FULL TSMT_MDB_ACCOUNT_RUD (cr=63665 pr=24618 pw=0 time=1562797 us)

********************************************************************************

SELECT *
FROM TSMT_MDB_ACCOUNT_RUD
WHERE COMPANY_CD LIKE '%201'

call     count       cpu    elapsed       disk      query    current        rows
------- ------  -------- ---------- ---------- ---------- ----------  ----------
Parse        1      0.01       0.00          0          0          0           0
Execute      1      0.00       0.00          0          0          0           0
Fetch    39043      2.09       1.99      24618      63665          0      390428
------- ------  -------- ---------- ---------- ---------- ----------  ----------
total    39045      2.10       1.99      24618      63665          0      390428

Misses in library cache during parse: 0
Optimizer mode: ALL_ROWS
Parsing user id: 75  

Rows     Row Source Operation
-------  ---------------------------------------------------
 390428  TABLE ACCESS FULL TSMT_MDB_ACCOUNT_RUD (cr=63665 pr=24618 pw=0 time=1562879 us)

********************************************************************************

SELECT *
FROM TSMT_MDB_ACCOUNT_RUD
WHERE COMPANY_CD LIKE '_201'

call     count       cpu    elapsed       disk      query    current        rows
------- ------  -------- ---------- ---------- ---------- ----------  ----------
Parse        1      0.00       0.00          0          0          0           0
Execute      1      0.00       0.00          0          0          0           0
Fetch    39043      2.20       1.97      24618      63665          0      390428
------- ------  -------- ---------- ---------- ---------- ----------  ----------
total    39045      2.20       1.97      24618      63665          0      390428

Misses in library cache during parse: 0
Optimizer mode: ALL_ROWS
Parsing user id: 75  

Rows     Row Source Operation
-------  ---------------------------------------------------
 390428  TABLE ACCESS FULL TSMT_MDB_ACCOUNT_RUD (cr=63665 pr=24618 pw=0 time=1562684 us)

********************************************************************************

SELECT *
FROM TSMT_MDB_ACCOUNT_RUD
WHERE COMPANY_CD LIKE '%201'

call     count       cpu    elapsed       disk      query    current        rows
------- ------  -------- ---------- ---------- ---------- ----------  ----------
Parse        1      0.00       0.00          0          0          0           0
Execute      1      0.00       0.00          0          0          0           0
Fetch    39043      2.32       1.98      24618      63665          0      390428
------- ------  -------- ---------- ---------- ---------- ----------  ----------
total    39045      2.32       1.98      24618      63665          0      390428

Misses in library cache during parse: 0
Optimizer mode: ALL_ROWS
Parsing user id: 75  

Rows     Row Source Operation
-------  ---------------------------------------------------
 390428  TABLE ACCESS FULL TSMT_MDB_ACCOUNT_RUD (cr=63665 pr=24618 pw=0 time=1562678 us)

********************************************************************************

SELECT *
FROM TSMT_MDB_ACCOUNT_RUD
WHERE COMPANY_CD LIKE '_201'

call     count       cpu    elapsed       disk      query    current        rows
------- ------  -------- ---------- ---------- ---------- ----------  ----------
Parse        1      0.00       0.00          0          0          0           0
Execute      1      0.00       0.00          0          0          0           0
Fetch    39043      2.25       1.88      24618      63665          0      390428
------- ------  -------- ---------- ---------- ---------- ----------  ----------
total    39045      2.25       1.88      24618      63665          0      390428

Misses in library cache during parse: 0
Optimizer mode: ALL_ROWS
Parsing user id: 75  

Rows     Row Source Operation
-------  ---------------------------------------------------
 390428  TABLE ACCESS FULL TSMT_MDB_ACCOUNT_RUD (cr=63665 pr=24618 pw=0 time=1562804 us)

********************************************************************************

SELECT *
FROM TSMT_MDB_ACCOUNT_RUD
WHERE COMPANY_CD LIKE '%201'

call     count       cpu    elapsed       disk      query    current        rows
------- ------  -------- ---------- ---------- ---------- ----------  ----------
Parse        1      0.00       0.00          0          0          0           0
Execute      1      0.00       0.00          0          0          0           0
Fetch    39043      1.93       1.88      24618      63665          0      390428
------- ------  -------- ---------- ---------- ---------- ----------  ----------
total    39045      1.93       1.88      24618      63665          0      390428

Misses in library cache during parse: 0
Optimizer mode: ALL_ROWS
Parsing user id: 75  

Rows     Row Source Operation
-------  ---------------------------------------------------
 390428  TABLE ACCESS FULL TSMT_MDB_ACCOUNT_RUD (cr=63665 pr=24618 pw=0 time=1562749 us)

********************************************************************************

SELECT *
FROM TSMT_MDB_ACCOUNT_RUD
WHERE COMPANY_CD LIKE '_201'

call     count       cpu    elapsed       disk      query    current        rows
------- ------  -------- ---------- ---------- ---------- ----------  ----------
Parse        1      0.00       0.00          0          0          0           0
Execute      1      0.00       0.00          0          0          0           0
Fetch    39043      1.93       1.91      24618      63665          0      390428
------- ------  -------- ---------- ---------- ---------- ----------  ----------
total    39045      1.93       1.91      24618      63665          0      390428

Misses in library cache during parse: 0
Optimizer mode: ALL_ROWS
Parsing user id: 75  

Rows     Row Source Operation
-------  ---------------------------------------------------
 390428  TABLE ACCESS FULL TSMT_MDB_ACCOUNT_RUD (cr=63665 pr=24618 pw=0 time=1562743 us)

********************************************************************************

SELECT *
FROM TSMT_MDB_ACCOUNT_RUD
WHERE COMPANY_CD LIKE '%201'

call     count       cpu    elapsed       disk      query    current        rows
------- ------  -------- ---------- ---------- ---------- ----------  ----------
Parse        1      0.00       0.00          0          0          0           0
Execute      1      0.00       0.00          0          0          0           0
Fetch    39043      2.06       1.86      24618      63665          0      390428
------- ------  -------- ---------- ---------- ---------- ----------  ----------
total    39045      2.06       1.86      24618      63665          0      390428

Misses in library cache during parse: 0
Optimizer mode: ALL_ROWS
Parsing user id: 75  

Rows     Row Source Operation
-------  ---------------------------------------------------
 390428  TABLE ACCESS FULL TSMT_MDB_ACCOUNT_RUD (cr=63665 pr=24618 pw=0 time=1562728 us)

********************************************************************************

SELECT *
FROM TSMT_MDB_ACCOUNT_RUD
WHERE COMPANY_CD LIKE '_201'

call     count       cpu    elapsed       disk      query    current        rows
------- ------  -------- ---------- ---------- ---------- ----------  ----------
Parse        1      0.00       0.00          0          0          0           0
Execute      1      0.00       0.00          0          0          0           0
Fetch    39043      1.93       1.90      24618      63665          0      390428
------- ------  -------- ---------- ---------- ---------- ----------  ----------
total    39045      1.93       1.90      24618      63665          0      390428

Misses in library cache during parse: 0
Optimizer mode: ALL_ROWS
Parsing user id: 75  

Rows     Row Source Operation
-------  ---------------------------------------------------
 390428  TABLE ACCESS FULL TSMT_MDB_ACCOUNT_RUD (cr=63665 pr=24618 pw=0 time=1562725 us)

********************************************************************************

SELECT *
FROM TSMT_MDB_ACCOUNT_RUD
WHERE COMPANY_CD LIKE '%201'

call     count       cpu    elapsed       disk      query    current        rows
------- ------  -------- ---------- ---------- ---------- ----------  ----------
Parse        1      0.00       0.00          0          0          0           0
Execute      1      0.00       0.00          0          0          0           0
Fetch    39043      2.01       1.87      24618      63665          0      390428
------- ------  -------- ---------- ---------- ---------- ----------  ----------
total    39045      2.01       1.87      24618      63665          0      390428

Misses in library cache during parse: 0
Optimizer mode: ALL_ROWS
Parsing user id: 75  

Rows     Row Source Operation
-------  ---------------------------------------------------
 390428  TABLE ACCESS FULL TSMT_MDB_ACCOUNT_RUD (cr=63665 pr=24618 pw=0 time=1562763 us)

********************************************************************************

SELECT *
FROM TSMT_MDB_ACCOUNT_RUD
WHERE COMPANY_CD LIKE '_201'

call     count       cpu    elapsed       disk      query    current        rows
------- ------  -------- ---------- ---------- ---------- ----------  ----------
Parse        1      0.00       0.00          0          0          0           0
Execute      1      0.00       0.00          0          0          0           0
Fetch    39043      2.00       1.94      24618      63665          0      390428
------- ------  -------- ---------- ---------- ---------- ----------  ----------
total    39045      2.00       1.94      24618      63665          0      390428

Misses in library cache during parse: 0
Optimizer mode: ALL_ROWS
Parsing user id: 75  

Rows     Row Source Operation
-------  ---------------------------------------------------
 390428  TABLE ACCESS FULL TSMT_MDB_ACCOUNT_RUD (cr=63665 pr=24618 pw=0 time=1562757 us)

********************************************************************************

SELECT *
FROM TSMT_MDB_ACCOUNT_RUD
WHERE COMPANY_CD LIKE '%201'

call     count       cpu    elapsed       disk      query    current        rows
------- ------  -------- ---------- ---------- ---------- ----------  ----------
Parse        1      0.00       0.00          0          0          0           0
Execute      1      0.00       0.00          0          0          0           0
Fetch    39043      2.10       1.97      24616      63665          0      390428
------- ------  -------- ---------- ---------- ---------- ----------  ----------
total    39045      2.10       1.97      24616      63665          0      390428

Misses in library cache during parse: 0
Optimizer mode: ALL_ROWS
Parsing user id: 75  

Rows     Row Source Operation
-------  ---------------------------------------------------
 390428  TABLE ACCESS FULL TSMT_MDB_ACCOUNT_RUD (cr=63665 pr=24616 pw=0 time=1562695 us)

********************************************************************************

SELECT *
FROM TSMT_MDB_ACCOUNT_RUD
WHERE COMPANY_CD LIKE '_201'

call     count       cpu    elapsed       disk      query    current        rows
------- ------  -------- ---------- ---------- ---------- ----------  ----------
Parse        1      0.00       0.00          0          0          0           0
Execute      1      0.00       0.00          0          0          0           0
Fetch    39043      2.03       1.95      24616      63665          0      390428
------- ------  -------- ---------- ---------- ---------- ----------  ----------
total    39045      2.03       1.95      24616      63665          0      390428

Misses in library cache during parse: 0
Optimizer mode: ALL_ROWS
Parsing user id: 75  

Rows     Row Source Operation
-------  ---------------------------------------------------
 390428  TABLE ACCESS FULL TSMT_MDB_ACCOUNT_RUD (cr=63665 pr=24616 pw=0 time=1562695 us)

********************************************************************************

ALTER SESSION SET SQL_TRACE=FALSE


call     count       cpu    elapsed       disk      query    current        rows
------- ------  -------- ---------- ---------- ---------- ----------  ----------
Parse        1      0.00       0.00          0          0          0           0
Execute      1      0.00       0.00          0          0          0           0
Fetch        0      0.00       0.00          0          0          0           0
------- ------  -------- ---------- ---------- ---------- ----------  ----------
total        2      0.00       0.00          0          0          0           0

Misses in library cache during parse: 0
Optimizer mode: ALL_ROWS
Parsing user id: 75  



********************************************************************************

OVERALL TOTALS FOR ALL NON-RECURSIVE STATEMENTS

call     count       cpu    elapsed       disk      query    current        rows
------- ------  -------- ---------- ---------- ---------- ----------  ----------
Parse       61      0.01       0.00          0          0          0           0
Execute     62      0.00       0.00          0          0          0           0
Fetch   2342580    123.89     116.13    1475908    3819900          0    23425680
------- ------  -------- ---------- ---------- ---------- ----------  ----------
total   2342703    123.90     116.13    1475908    3819900          0    23425680

Misses in library cache during parse: 0


OVERALL TOTALS FOR ALL RECURSIVE STATEMENTS

call     count       cpu    elapsed       disk      query    current        rows
------- ------  -------- ---------- ---------- ---------- ----------  ----------
Parse        0      0.00       0.00          0          0          0           0
Execute      0      0.00       0.00          0          0          0           0
Fetch        0      0.00       0.00          0          0          0           0
------- ------  -------- ---------- ---------- ---------- ----------  ----------
total        0      0.00       0.00          0          0          0           0

Misses in library cache during parse: 0

   62  user  SQL statements in session.
    0  internal SQL statements in session.
   62  SQL statements in session.
********************************************************************************
Trace file: C:\Software\oracle\product\admin\ww10g2\udump\ww10g2_ora_80433_3968.trc
Trace file compatibility: 10.01.00
Sort options: default

       1  session in tracefile.
      62  user  SQL statements in trace file.
       0  internal SQL statements in trace file.
      62  SQL statements in trace file.
       4  unique SQL statements in trace file.
 2343234  lines in trace file.
     813  elapsed seconds in trace file.


