
Angemeldet bei: Oracle Database 10g Enterprise Edition Release 10.2.0.1.0 - Production
With the Partitioning, OLAP and Data Mining options
Exportieren in WE8MSWIN1252-Zeichensatz und AL16UTF16-NCHAR-Zeichensatz durchgeführt
. Prozedurale Pre-Schema-Objekte und -Aktionen werden exportiert
. Fremdfunktions-Bibliotheksnamen für Benutzer REPSI_MASTER werden exportiert 
. Synonyme vom Typ PUBLIC werden exportiert
. Synonyme vom Typ PRIVATE werden exportiert
. Objekttypdefinitionen für Benutzer REPSI_MASTER  werden exportiert 
REPSI_MASTER Objekte werden gleich exportiert ...
. Datenbank-Links werden exportiert
. Sequenzzahlen werden exportiert
. Clusterdefinitionen werden exportiert
. Tabellen von REPSI_MASTER werden gleich exportiert ... über 'Conventional Path'
. . Export der Tabelle                TMD_CALIBRATION
                                                           77 Zeilen exportiert
. . Export der Tabelle      TMD_CALIBRATION_STATISTIC
.
                                                          154 Zeilen exportiert
. . Export der Tabelle          TMD_DATABASE_INSTANCE
                                                            3 Zeilen exportiert
. . Export der Tabelle            TMD_DATABASE_SYSTEM
                                                            2 Zeilen exportiert
. . Export der Tabelle           TMD_OPERATING_SYSTEM
                                                            2 Zeilen exportiert
. . Export der Tabelle          TMD_PATTERN_SQL_IDIOM
                                                           17 Zeilen exportiert
. . Export der Tabelle                  TMD_PROCESSOR
                                                            3 Zeilen exportiert
. . Export der Tabelle                 TMD_SQL_SYNTAX
                                                            6 Zeilen exportiert
. . Export der Tabelle            TMD_TEST_QUERY_PAIR
                                                           77 Zeilen exportiert
. . Export der Tabelle                 TMD_TEST_SUITE
                                                            0 Zeilen exportiert
. . Export der Tabelle          TMD_TEST_SUITE_ACTION
                                                            0 Zeilen exportiert
. . Export der Tabelle       TMD_TEST_SUITE_OPERATION
                                                            7 Zeilen exportiert
. . Export der Tabelle                 TMD_TEST_TABLE
                                                            0 Zeilen exportiert
. . Export der Tabelle             TMD_TEST_TABLE_DDL
                                                            0 Zeilen exportiert
. . Export der Tabelle                  TMD_TRIAL_RUN
                                                            0 Zeilen exportiert
. . Export der Tabelle           TMD_TRIAL_RUN_ACTION
                                                            0 Zeilen exportiert
. . Export der Tabelle         TMD_TRIAL_RUN_PROTOCOL
                                                            0 Zeilen exportiert
. . Export der Tabelle           TMD_TRIAL_RUN_STATUS
                                                            8 Zeilen exportiert
. . Export der Tabelle                     TMD_VENDOR
                                                            5 Zeilen exportiert
. Synonyme werden exportiert
. Views werden exportiert
. Gespeicherte Prozeduren werden exportiert
. Operatoren werden exportiert
. Referentielle Integritäts-Constraints werden exportiert
. Trigger werden exportiert
. Indextypen werden exportiert
. Bitmap-, funktionale und erweiterbare Indizes werden exportiert
. Exportieren von Posttable-Aktionen
. Materialized Views werden exportiert
. Snapshot-Log werden exportiert
. Exportieren von Job-Queues
. Exportieren von Aktualisierengruppen und untergeordneten Gruppen
. Dimensionen werden exportiert
. Prozedurale Post-Schema-Objekte und -Aktionen werden exportiert
. Statistiken werden exportiert
Export erfolgreich ohne Warnungen beendet.
