
Angemeldet bei: Oracle Database 10g Enterprise Edition Release 10.2.0.1.0 - Production
With the Partitioning, OLAP and Data Mining options
Exportieren in WE8MSWIN1252-Zeichensatz und AL16UTF16-NCHAR-Zeichensatz durchgeführt
. Prozedurale Pre-Schema-Objekte und -Aktionen werden exportiert
. Fremdfunktions-Bibliotheksnamen für Benutzer REPSI_DBDES werden exportiert 
. Synonyme vom Typ PUBLIC werden exportiert
. Synonyme vom Typ PRIVATE werden exportiert
. Objekttypdefinitionen für Benutzer REPSI_DBDES  werden exportiert 
REPSI_DBDES Objekte werden gleich exportiert ...
. Datenbank-Links werden exportiert
. Sequenzzahlen werden exportiert
. Clusterdefinitionen werden exportiert
. Tabellen von REPSI_DBDES werden gleich exportiert ... über 'Conventional Path'
. . Export der Tabelle                   CDDL_TMP_TBL
                                                            0 Zeilen exportiert
. . Export der Tabelle       CDI_CLASS_SET_CODE_TYPES
                                                            5 Zeilen exportiert
. . Export der Tabelle         CDI_CODE_SECTION_TYPES
                                                            5 Zeilen exportiert
. . Export der Tabelle                     CDI_DELTAB
                                                            0 Zeilen exportiert
. . Export der Tabelle            CDI_DFLT_USER_PREFS
...........
                                                         1102 Zeilen exportiert
. . Export der Tabelle      CDI_DFLT_USER_PREF_USAGES
...........
                                                         1159 Zeilen exportiert
. . Export der Tabelle                      CDI_FORMS
                                                           29 Zeilen exportiert
. . Export der Tabelle                     CDI_FUNNET
                                                            0 Zeilen exportiert
. . Export der Tabelle         CDI_GENERATION_TARGETS
                                                            2 Zeilen exportiert
. . Export der Tabelle      CDI_GEN_TARGET_PROPERTIES
                                                            2 Zeilen exportiert
. . Export der Tabelle       CDI_LANGUAGE_DEFINITIONS
                                                           20 Zeilen exportiert
. . Export der Tabelle                     CDI_MODNET
                                                            0 Zeilen exportiert
. . Export der Tabelle                        CDI_NAV
.
                                                          126 Zeilen exportiert
. . Export der Tabelle               CDI_PREF_DOMAINS
.
                                                          134 Zeilen exportiert
. . Export der Tabelle           CDI_PRODUCT_FLAVOURS
                                                           12 Zeilen exportiert
. . Export der Tabelle                   CDI_PRODUCTS
                                                           10 Zeilen exportiert
. . Export der Tabelle        CDI_TEMP_ASSOC_ELEMENTS
                                                            0 Zeilen exportiert
. . Export der Tabelle       CDI_TEMP_ATOMIC_ELEMENTS
                                                            0 Zeilen exportiert
. . Export der Tabelle            CDI_TEMP_RPT_TABLES
                                                            0 Zeilen exportiert
. . Export der Tabelle                 CDI_TYPE_MATCH
.
                                                          155 Zeilen exportiert
. . Export der Tabelle                CDI_VALID_PREFS
....
                                                          485 Zeilen exportiert
. . Export der Tabelle                   CDRF_TMP_TBL
                                                            0 Zeilen exportiert
. . Export der Tabelle                   CDRK_TMP_TBL
                                                            0 Zeilen exportiert
. . Export der Tabelle               CG_DES_FORM_HELP
...
                                                          362 Zeilen exportiert
. . Export der Tabelle               CI_ELEMENT_TYPES
...
                                                          388 Zeilen exportiert
. . Export der Tabelle                 CK_CHK_REF_SET
                                                            0 Zeilen exportiert
. . Export der Tabelle        CK_CIUE_UPGRADE_ACTIONS
                                                            0 Zeilen exportiert
. . Export der Tabelle              CK_CKDBSZ_DBU_TMP
                                                            0 Zeilen exportiert
. . Export der Tabelle              CK_CKDBSZ_KEY_TMP
                                                            0 Zeilen exportiert
. . Export der Tabelle              CK_CKDBSZ_ODB_TMP
                                                            0 Zeilen exportiert
. . Export der Tabelle              CK_CKDBSZ_OTB_TMP
                                                            0 Zeilen exportiert
. . Export der Tabelle              CK_CKDBSZ_TBI_TMP
                                                            0 Zeilen exportiert
. . Export der Tabelle           CK_INSTALLED_OBJECTS
...........................................................................
...
                                                         7815 Zeilen exportiert
. . Export der Tabelle         CK_LANGUAGE_PROPERTIES
                                                           98 Zeilen exportiert
. . Export der Tabelle              CK_NLS_PARAMETERS
.
                                                          126 Zeilen exportiert
. . Export der Tabelle           CK_NLS_REPORT_GROUPS
                                                           82 Zeilen exportiert
. . Export der Tabelle                 CK_NLS_REPORTS
.
                                                          139 Zeilen exportiert
. . Export der Tabelle            CK_PRODUCT_ELEMENTS
.....
                                                          545 Zeilen exportiert
. . Export der Tabelle              CK_REPORT_FOLDERS
. . Export der Tabelle               CK_REPORT_GROUPS
                                                           83 Zeilen exportiert
. . Export der Tabelle         CK_REPORT_GROUP_USAGES
...
                                                          348 Zeilen exportiert
. . Export der Tabelle           CK_REPORT_PARAMETERS
.
                                                          126 Zeilen exportiert
. . Export der Tabelle     CK_REPORT_PARAMETER_USAGES
...
                                                          384 Zeilen exportiert
. . Export der Tabelle                     CK_REPORTS
.
                                                          153 Zeilen exportiert
. . Export der Tabelle            CK_TEMP_COPY_EL_IDS
                                                            0 Zeilen exportiert
. . Export der Tabelle                 CK_TEMP_EL_IDS
                                                            0 Zeilen exportiert
. . Export der Tabelle                  CK_TEMP_IRIDS
                                                            0 Zeilen exportiert
. . Export der Tabelle               CK_TEMPORARY_SET
                                                            0 Zeilen exportiert
. . Export der Tabelle          CK_UTILITY_NAVIGATION
............
                                                         1275 Zeilen exportiert
. . Export der Tabelle                     CKXT_TYPES
                                                           63 Zeilen exportiert
. . Export der Tabelle         I$CK_APPLICATION_LOGIC
                                                            0 Zeilen exportiert
. . Export der Tabelle                I$RM_DATA_TYPES
......
                                                          604 Zeilen exportiert
. . Export der Tabelle           I$RM_DISPLAY_DETAILS
........................................................
                                                         5658 Zeilen exportiert
. . Export der Tabelle   I$RM$ELEMENT_TYPE_EXTENSIONS
....
                                                          417 Zeilen exportiert
. . Export der Tabelle             I$RM_ELEMENT_TYPES
....
                                                          477 Zeilen exportiert
. . Export der Tabelle    I$RM_EXPRESSION_PROP_USAGES
......................
                                                         2203 Zeilen exportiert
. . Export der Tabelle               I$RM_EXPRESSIONS
............................
                                                         2853 Zeilen exportiert
. . Export der Tabelle           I$RM_LINK_PROPERTIES
...............
                                                         1510 Zeilen exportiert
. . Export der Tabelle                I$RM_LINK_TYPES
.......
                                                          753 Zeilen exportiert
. . Export der Tabelle            I$RM_MESSAGE_USAGES
...
                                                          394 Zeilen exportiert
. . Export der Tabelle      I$RM$NLS_DATA_TYPE_VALUES
.....................
                                                         2139 Zeilen exportiert
. . Export der Tabelle         I$RM$NLS_ELEMENT_TYPES
....
                                                          417 Zeilen exportiert
. . Export der Tabelle             I$RM$NLS_LANGUAGES
                                                           25 Zeilen exportiert
. . Export der Tabelle        I$RM$NLS_MESSAGE_GROUPS
                                                           48 Zeilen exportiert
. . Export der Tabelle              I$RM$NLS_MESSAGES
...........
                                                         1188 Zeilen exportiert
. . Export der Tabelle            I$RM$NLS_PROPERTIES
..........................................................................
                                                         7450 Zeilen exportiert
. . Export der Tabelle            I$RM$NLS_TEXT_TYPES
                                                           53 Zeilen exportiert
. . Export der Tabelle             I$RM$NLS_UTILITIES
                                                            3 Zeilen exportiert
. . Export der Tabelle                I$RM_PROPERTIES
...........................................................................
..
                                                         7709 Zeilen exportiert
. . Export der Tabelle       I$RM$PROPERTY_EXTENSIONS
..........................................................................
                                                         7450 Zeilen exportiert
. . Export der Tabelle             I$RM_PROPERTY_MAPS
...........................................................................
..................................................
                                                        12582 Zeilen exportiert
. . Export der Tabelle           I$RM$PROPERTY_RANGES
                                                           75 Zeilen exportiert
. . Export der Tabelle     I$RM_SQL_COLUMN_PROPERTIES
                                                            0 Zeilen exportiert
. . Export der Tabelle               I$RM_SQL_COLUMNS
...........................................................................
...........
                                                         8602 Zeilen exportiert
. . Export der Tabelle          I$RM_SQL_CONS_COLUMNS
................
                                                         1608 Zeilen exportiert
. . Export der Tabelle           I$RM_SQL_CONSTRAINTS
.........................................
                                                         4107 Zeilen exportiert
. . Export der Tabelle           I$RM_SQL_IND_COLUMNS
.................
                                                         1711 Zeilen exportiert
. . Export der Tabelle               I$RM_SQL_INDEXES
.............
                                                         1319 Zeilen exportiert
. . Export der Tabelle             I$RM_SQL_ROW_TYPES
...
                                                          332 Zeilen exportiert
. . Export der Tabelle        I$RM_SQL_SCHEMA_MEMBERS
.........................................................
                                                         5788 Zeilen exportiert
. . Export der Tabelle       I$RM_SQL_SCHEMA_VERSIONS
                                                            3 Zeilen exportiert
. . Export der Tabelle             I$RM_SQL_SEQUENCES
                                                            1 Zeilen exportiert
. . Export der Tabelle                I$RM_SQL_SOURCE
..
                                                          224 Zeilen exportiert
. . Export der Tabelle        I$RM_SQL_STORED_OBJECTS
                                                            8 Zeilen exportiert
. . Export der Tabelle              I$RM_SQL_SYNONYMS
                                                            1 Zeilen exportiert
. . Export der Tabelle      I$RM_SQL_TABLE_PROPERTIES
                                                           57 Zeilen exportiert
. . Export der Tabelle                I$RM_SQL_TABLES
...
                                                          341 Zeilen exportiert
. . Export der Tabelle              I$RM_SQL_TRIGGERS
                                                           28 Zeilen exportiert
. . Export der Tabelle                 I$RM_SQL_USERS
                                                            0 Zeilen exportiert
. . Export der Tabelle                 I$RM_SQL_VIEWS
                                                            1 Zeilen exportiert
. . Export der Tabelle                I$RM_TEXT_LINES
                                                           19 Zeilen exportiert
. . Export der Tabelle                I$RM$TEXT_TYPES
                                                           53 Zeilen exportiert
. . Export der Tabelle               I$RM$TEXT_USAGES
.....
                                                          574 Zeilen exportiert
. . Export der Tabelle                      I$SDD_ACI
                                                            0 Zeilen exportiert
. . Export der Tabelle                      I$SDD_ACR
                                                            0 Zeilen exportiert
. . Export der Tabelle                   I$SDD_ACRACR
                                                            0 Zeilen exportiert
. . Export der Tabelle                   I$SDD_ACRORG
                                                            0 Zeilen exportiert
. . Export der Tabelle                      I$SDD_ACT
                                                            0 Zeilen exportiert
. . Export der Tabelle                   I$SDD_ACTACT
                                                            0 Zeilen exportiert
. . Export der Tabelle                    I$SDD_ACTE1
                                                            0 Zeilen exportiert
. . Export der Tabelle                   I$SDD_ACTORG
                                                            0 Zeilen exportiert
. . Export der Tabelle                   I$SDD_ACUACR
                                                            0 Zeilen exportiert
. . Export der Tabelle                      I$SDD_ADR
                                                            0 Zeilen exportiert
. . Export der Tabelle                      I$SDD_AEN
                                                            0 Zeilen exportiert
. . Export der Tabelle                   I$SDD_AENEAT
                                                            0 Zeilen exportiert
. . Export der Tabelle                      I$SDD_AEU
                                                            0 Zeilen exportiert
. . Export der Tabelle                   I$SDD_AMCAMC
                                                            0 Zeilen exportiert
. . Export der Tabelle                   I$SDD_AMCBOB
                                                            0 Zeilen exportiert
. . Export der Tabelle                   I$SDD_AMCPRJ
                                                            0 Zeilen exportiert
. . Export der Tabelle                      I$SDD_ARG
                                                            0 Zeilen exportiert
. . Export der Tabelle                   I$SDD_ARGITE
                                                            0 Zeilen exportiert
. . Export der Tabelle                      I$SDD_ASS
                                                            0 Zeilen exportiert
. . Export der Tabelle                   I$SDD_ASSASS
                                                            0 Zeilen exportiert
. . Export der Tabelle                      I$SDD_ATT
                                                            0 Zeilen exportiert
. . Export der Tabelle                      I$SDD_ATV
                                                            3 Zeilen exportiert
. . Export der Tabelle                       I$SDD_A1
                                                            0 Zeilen exportiert
. . Export der Tabelle                      I$SDD_A10
                                                            0 Zeilen exportiert
. . Export der Tabelle                      I$SDD_A11
                                                            0 Zeilen exportiert
. . Export der Tabelle                       I$SDD_A2
                                                            0 Zeilen exportiert
. . Export der Tabelle                      I$SDD_A20
                                                            0 Zeilen exportiert
. . Export der Tabelle                      I$SDD_A21
                                                            0 Zeilen exportiert
. . Export der Tabelle                      I$SDD_A23
                                                            0 Zeilen exportiert
. . Export der Tabelle                      I$SDD_A24
                                                            0 Zeilen exportiert
. . Export der Tabelle                       I$SDD_A3
                                                            0 Zeilen exportiert
. . Export der Tabelle                       I$SDD_A4
                                                            0 Zeilen exportiert
. . Export der Tabelle                       I$SDD_A5
                                                            0 Zeilen exportiert
. . Export der Tabelle                       I$SDD_A6
                                                            0 Zeilen exportiert
. . Export der Tabelle                       I$SDD_A7
                                                            0 Zeilen exportiert
. . Export der Tabelle                       I$SDD_A8
                                                            0 Zeilen exportiert
. . Export der Tabelle                       I$SDD_A9
                                                            0 Zeilen exportiert
. . Export der Tabelle                      I$SDD_BAT
                                                            0 Zeilen exportiert
. . Export der Tabelle                      I$SDD_BLI
                                                            0 Zeilen exportiert
. . Export der Tabelle                      I$SDD_BOB
                                                            0 Zeilen exportiert
. . Export der Tabelle                   I$SDD_BOBINC
                                                            0 Zeilen exportiert
. . Export der Tabelle                 I$SDD_BRANCHES
                                                            1 Zeilen exportiert
. . Export der Tabelle                      I$SDD_BRL
                                                            0 Zeilen exportiert
. . Export der Tabelle                      I$SDD_BRU
                                                            0 Zeilen exportiert
. . Export der Tabelle                   I$SDD_BRUBLI
                                                            0 Zeilen exportiert
. . Export der Tabelle                      I$SDD_BUN
                                                            0 Zeilen exportiert
. . Export der Tabelle                      I$SDD_CAT
                                                            0 Zeilen exportiert
. . Export der Tabelle                   I$SDD_CATAEN
                                                            0 Zeilen exportiert
. . Export der Tabelle                   I$SDD_CATEAT
                                                            0 Zeilen exportiert
. . Export der Tabelle                      I$SDD_CCD
                                                            0 Zeilen exportiert
. . Export der Tabelle                      I$SDD_CDE
                                                            0 Zeilen exportiert
. . Export der Tabelle                      I$SDD_CLA
                                                            0 Zeilen exportiert
. . Export der Tabelle                   I$SDD_CLAAEN
                                                            0 Zeilen exportiert
. . Export der Tabelle                   I$SDD_CLACLA
                                                            0 Zeilen exportiert
. . Export der Tabelle                   I$SDD_CLAEVC
                                                            0 Zeilen exportiert
. . Export der Tabelle                   I$SDD_CLAINC
                                                            0 Zeilen exportiert
. . Export der Tabelle                      I$SDD_CMA
                                                            0 Zeilen exportiert
. . Export der Tabelle                      I$SDD_CNU
                                                            0 Zeilen exportiert
. . Export der Tabelle                      I$SDD_COB
                                                            0 Zeilen exportiert
. . Export der Tabelle                      I$SDD_COL
...
                                                          371 Zeilen exportiert
. . Export der Tabelle                      I$SDD_COM
                                                            0 Zeilen exportiert
. . Export der Tabelle                   I$SDD_COMNOD
                                                            0 Zeilen exportiert
. . Export der Tabelle                   I$SDD_COMODB
                                                            0 Zeilen exportiert
. . Export der Tabelle      I$SDD_COMPILATION_CHANGES
                                                            0 Zeilen exportiert
. . Export der Tabelle              I$SDD_CONFIG_SPEC
                                                            0 Zeilen exportiert
. . Export der Tabelle        I$SDD_CONFIG_SPEC_ENTRY
                                                            0 Zeilen exportiert
. . Export der Tabelle    I$SDD_CONFIGURATION_MEMBERS
                                                            0 Zeilen exportiert
. . Export der Tabelle           I$SDD_CONFIGURATIONS
                                                            0 Zeilen exportiert
. . Export der Tabelle                      I$SDD_COR
                                                            0 Zeilen exportiert
. . Export der Tabelle                     I$SDD_CORI
                                                            0 Zeilen exportiert
. . Export der Tabelle                      I$SDD_CQA
                                                            0 Zeilen exportiert
. . Export der Tabelle                   I$SDD_CQACOL
                                                            0 Zeilen exportiert
. . Export der Tabelle                      I$SDD_CRU
                                                            0 Zeilen exportiert
. . Export der Tabelle                      I$SDD_CSG
                                                            0 Zeilen exportiert
. . Export der Tabelle                      I$SDD_CST
                                                            0 Zeilen exportiert
. . Export der Tabelle                      I$SDD_DAT
                                                            0 Zeilen exportiert
. . Export der Tabelle                   I$SDD_DATCOM
                                                            0 Zeilen exportiert
. . Export der Tabelle                      I$SDD_DBU
                                                            1 Zeilen exportiert
. . Export der Tabelle                   I$SDD_DBUGRP
                                                            0 Zeilen exportiert
. . Export der Tabelle                   I$SDD_DBUMOD
                                                            0 Zeilen exportiert
. . Export der Tabelle          I$SDD_DELETED_OBJECTS
                                                            0 Zeilen exportiert
. . Export der Tabelle                      I$SDD_DEU
                                                           69 Zeilen exportiert
. . Export der Tabelle                      I$SDD_DFI
                                                            0 Zeilen exportiert
. . Export der Tabelle                      I$SDD_DFL
                                                            0 Zeilen exportiert
. . Export der Tabelle                   I$SDD_DFLATT
                                                            0 Zeilen exportiert
. . Export der Tabelle                   I$SDD_DFLDIT
                                                            0 Zeilen exportiert
. . Export der Tabelle                      I$SDD_DIA
                                                            5 Zeilen exportiert
. . Export der Tabelle         I$SDD_DIAGRAM_SEGMENTS
........
                                                          858 Zeilen exportiert
. . Export der Tabelle                      I$SDD_DIR
                                                            0 Zeilen exportiert
. . Export der Tabelle                      I$SDD_DIT
                                                            0 Zeilen exportiert
. . Export der Tabelle                      I$SDD_DOC
                                                            0 Zeilen exportiert
. . Export der Tabelle                   I$SDD_DOCXXX
                                                            0 Zeilen exportiert
. . Export der Tabelle                      I$SDD_DOG
                                                            0 Zeilen exportiert
. . Export der Tabelle                      I$SDD_DOI
                                                            0 Zeilen exportiert
. . Export der Tabelle                      I$SDD_DOM
                                                           60 Zeilen exportiert
. . Export der Tabelle                      I$SDD_DPR
                                                            0 Zeilen exportiert
. . Export der Tabelle                      I$SDD_DST
                                                            0 Zeilen exportiert
. . Export der Tabelle                   I$SDD_DSTATT
                                                            0 Zeilen exportiert
. . Export der Tabelle                   I$SDD_DSTDIT
                                                            0 Zeilen exportiert
. . Export der Tabelle                      I$SDD_DSY
                                                            0 Zeilen exportiert
. . Export der Tabelle                      I$SDD_ENT
                                                            0 Zeilen exportiert
. . Export der Tabelle                   I$SDD_ENTBUN
                                                            0 Zeilen exportiert
. . Export der Tabelle                   I$SDD_ENTUIE
                                                            0 Zeilen exportiert
. . Export der Tabelle                      I$SDD_EOU
                                                            0 Zeilen exportiert
. . Export der Tabelle                      I$SDD_ERU
                                                            0 Zeilen exportiert
. . Export der Tabelle                      I$SDD_EVH
                                                            0 Zeilen exportiert
. . Export der Tabelle                      I$SDD_EVR
                                                            0 Zeilen exportiert
. . Export der Tabelle                      I$SDD_EVS
                                                            0 Zeilen exportiert
. . Export der Tabelle                      I$SDD_EVT
                                                            0 Zeilen exportiert
. . Export der Tabelle                      I$SDD_EXT
                                                            0 Zeilen exportiert
. . Export der Tabelle                       I$SDD_E1
                                                            0 Zeilen exportiert
. . Export der Tabelle                       I$SDD_E2
                                                            0 Zeilen exportiert
. . Export der Tabelle                      I$SDD_E20
                                                            0 Zeilen exportiert
. . Export der Tabelle                       I$SDD_E3
                                                            0 Zeilen exportiert
. . Export der Tabelle                       I$SDD_E4
                                                            0 Zeilen exportiert
. . Export der Tabelle                       I$SDD_E5
                                                            0 Zeilen exportiert
. . Export der Tabelle                       I$SDD_E6
                                                            0 Zeilen exportiert
. . Export der Tabelle                      I$SDD_FIL
                                                            0 Zeilen exportiert
. . Export der Tabelle            I$SDD_FILE_REGISTRY
.
                                                          172 Zeilen exportiert
. . Export der Tabelle                    I$SDD_FILES
                                                            0 Zeilen exportiert
. . Export der Tabelle                   I$SDD_FILPAC
                                                            0 Zeilen exportiert
. . Export der Tabelle           I$SDD_FOLDER_MEMBERS
.
                                                          166 Zeilen exportiert
. . Export der Tabelle                  I$SDD_FOLDERS
                                                            4 Zeilen exportiert
. . Export der Tabelle                      I$SDD_FSE
                                                            0 Zeilen exportiert
. . Export der Tabelle                      I$SDD_FUN
                                                            0 Zeilen exportiert
. . Export der Tabelle                   I$SDD_FUNATT
                                                            0 Zeilen exportiert
. . Export der Tabelle                   I$SDD_FUNBUN
                                                            0 Zeilen exportiert
. . Export der Tabelle                   I$SDD_FUNENT
                                                            0 Zeilen exportiert
. . Export der Tabelle                   I$SDD_FUNEVT
                                                            0 Zeilen exportiert
. . Export der Tabelle                      I$SDD_GRP
                                                            1 Zeilen exportiert
. . Export der Tabelle                   I$SDD_GRPGRP
                                                            0 Zeilen exportiert
. . Export der Tabelle                   I$SDD_GRPMOD
                                                            0 Zeilen exportiert
. . Export der Tabelle                      I$SDD_IGR
                                                            0 Zeilen exportiert
. . Export der Tabelle                      I$SDD_IND
                                                            0 Zeilen exportiert
. . Export der Tabelle                   I$SDD_INDCOL
                                                            0 Zeilen exportiert
. . Export der Tabelle                      I$SDD_INP
                                                            0 Zeilen exportiert
. . Export der Tabelle                      I$SDD_INS
                                                            0 Zeilen exportiert
. . Export der Tabelle          I$SDD_INVALID_OBJECTS
                                                            0 Zeilen exportiert
. . Export der Tabelle                      I$SDD_ITE
                                                            0 Zeilen exportiert
. . Export der Tabelle                      I$SDD_ITM
                                                            0 Zeilen exportiert
. . Export der Tabelle                      I$SDD_LAN
                                                           20 Zeilen exportiert
. . Export der Tabelle                      I$SDD_LST
                                                            0 Zeilen exportiert
. . Export der Tabelle                      I$SDD_LVI
                                                            0 Zeilen exportiert
. . Export der Tabelle                      I$SDD_MAP
                                                            0 Zeilen exportiert
. . Export der Tabelle                      I$SDD_MCH
                                                            0 Zeilen exportiert
. . Export der Tabelle                      I$SDD_MCL
                                                            0 Zeilen exportiert
. . Export der Tabelle                      I$SDD_MCN
                                                            0 Zeilen exportiert
. . Export der Tabelle                   I$SDD_MEMCOM
                                                            0 Zeilen exportiert
. . Export der Tabelle                      I$SDD_MET
                                                            0 Zeilen exportiert
. . Export der Tabelle                   I$SDD_METRUL
                                                            0 Zeilen exportiert
. . Export der Tabelle                      I$SDD_MOD
                                                            0 Zeilen exportiert
. . Export der Tabelle                   I$SDD_MODBUN
                                                            0 Zeilen exportiert
. . Export der Tabelle                   I$SDD_MODFUN
                                                            0 Zeilen exportiert
. . Export der Tabelle                   I$SDD_MODMOD
                                                            0 Zeilen exportiert
. . Export der Tabelle                   I$SDD_MODPGD
                                                            0 Zeilen exportiert
. . Export der Tabelle                      I$SDD_MPA
                                                            0 Zeilen exportiert
. . Export der Tabelle                      I$SDD_MTI
                                                            0 Zeilen exportiert
. . Export der Tabelle                      I$SDD_MUN
                                                            0 Zeilen exportiert
. . Export der Tabelle                      I$SDD_MWF
                                                            0 Zeilen exportiert
. . Export der Tabelle          I$SDD_OBJECT_VERSIONS
.
                                                          168 Zeilen exportiert
. . Export der Tabelle                      I$SDD_OCL
                                                            0 Zeilen exportiert
. . Export der Tabelle                      I$SDD_OCO
.
                                                          112 Zeilen exportiert
. . Export der Tabelle                      I$SDD_ODB
                                                            1 Zeilen exportiert
. . Export der Tabelle                   I$SDD_ODBODB
                                                            0 Zeilen exportiert
. . Export der Tabelle                      I$SDD_OKY
.
                                                          151 Zeilen exportiert
. . Export der Tabelle                      I$SDD_ORG
                                                            0 Zeilen exportiert
. . Export der Tabelle                   I$SDD_ORGPER
                                                            0 Zeilen exportiert
. . Export der Tabelle                      I$SDD_ORS
                                                            0 Zeilen exportiert
. . Export der Tabelle                      I$SDD_ORT
                                                            1 Zeilen exportiert
. . Export der Tabelle                      I$SDD_OSP
                                                            1 Zeilen exportiert
. . Export der Tabelle                      I$SDD_OSQ
                                                           10 Zeilen exportiert
. . Export der Tabelle                      I$SDD_OST
                                                            0 Zeilen exportiert
. . Export der Tabelle                   I$SDD_OSTOST
                                                            0 Zeilen exportiert
. . Export der Tabelle                      I$SDD_OTB
                                                            0 Zeilen exportiert
. . Export der Tabelle                      I$SDD_PER
                                                            0 Zeilen exportiert
. . Export der Tabelle                   I$SDD_PERACR
                                                            0 Zeilen exportiert
. . Export der Tabelle                   I$SDD_PERPER
                                                            0 Zeilen exportiert
. . Export der Tabelle                      I$SDD_PGD
                                                            0 Zeilen exportiert
. . Export der Tabelle           I$SDD_PROPERTY_LISTS
                                                            0 Zeilen exportiert
. . Export der Tabelle         I$SDD_PROPLIST_ENTRIES
                                                            0 Zeilen exportiert
. . Export der Tabelle                      I$SDD_PRS
                                                            1 Zeilen exportiert
. . Export der Tabelle                      I$SDD_PRU
                                                            0 Zeilen exportiert
. . Export der Tabelle                      I$SDD_PSE
                                                            0 Zeilen exportiert
. . Export der Tabelle                      I$SDD_PST
                                                            0 Zeilen exportiert
. . Export der Tabelle                   I$SDD_PSTADC
                                                            0 Zeilen exportiert
. . Export der Tabelle                      I$SDD_PVL
                                                            0 Zeilen exportiert
. . Export der Tabelle                      I$SDD_QSU
                                                            0 Zeilen exportiert
. . Export der Tabelle                      I$SDD_QTD
                                                            0 Zeilen exportiert
. . Export der Tabelle                      I$SDD_QUE
                                                            0 Zeilen exportiert
. . Export der Tabelle                      I$SDD_QUI
                                                            0 Zeilen exportiert
. . Export der Tabelle                   I$SDD_RELEND
                                                            0 Zeilen exportiert
. . Export der Tabelle           I$SDD_REPOS_POLICIES
                                                            2 Zeilen exportiert
. . Export der Tabelle                      I$SDD_RGP
                                                            0 Zeilen exportiert
. . Export der Tabelle                      I$SDD_RPG
                                                            0 Zeilen exportiert
. . Export der Tabelle                      I$SDD_RUL
                                                            0 Zeilen exportiert
. . Export der Tabelle              I$SDD_RULE_PARAMS
                                                           21 Zeilen exportiert
. . Export der Tabelle        I$SDD_RULE_PARAM_VALUES
                                                            0 Zeilen exportiert
. . Export der Tabelle                    I$SDD_RULES
                                                           12 Zeilen exportiert
. . Export der Tabelle                   I$SDD_RULRUL
                                                            0 Zeilen exportiert
. . Export der Tabelle                      I$SDD_SBA
                                                            0 Zeilen exportiert
. . Export der Tabelle                      I$SDD_SMI
                                                            0 Zeilen exportiert
. . Export der Tabelle                      I$SDD_SOU
                                                            0 Zeilen exportiert
. . Export der Tabelle                      I$SDD_SPV
                                                            0 Zeilen exportiert
. . Export der Tabelle                      I$SDD_SQS
                                                            0 Zeilen exportiert
. . Export der Tabelle                      I$SDD_SRG
                                                            0 Zeilen exportiert
. . Export der Tabelle                      I$SDD_SRU
                                                            0 Zeilen exportiert
. . Export der Tabelle                      I$SDD_STE
                                                            0 Zeilen exportiert
. . Export der Tabelle                   I$SDD_STESTE
                                                            0 Zeilen exportiert
. . Export der Tabelle                      I$SDD_SUD
                                                            0 Zeilen exportiert
. . Export der Tabelle                      I$SDD_SYN
                                                            0 Zeilen exportiert
. . Export der Tabelle                      I$SDD_TAB
                                                           65 Zeilen exportiert
. . Export der Tabelle                   I$SDD_TABENT
                                                            0 Zeilen exportiert
. . Export der Tabelle                      I$SDD_TAG
                                                            0 Zeilen exportiert
. . Export der Tabelle                   I$SDD_TAGVAL
                                                            0 Zeilen exportiert
. . Export der Tabelle                   I$SDD_TBICOL
                                                            0 Zeilen exportiert
. . Export der Tabelle                      I$SDD_TBP
                                                            0 Zeilen exportiert
. . Export der Tabelle                      I$SDD_TER
                                                            0 Zeilen exportiert
. . Export der Tabelle                      I$SDD_TMS
                                                            0 Zeilen exportiert
. . Export der Tabelle                      I$SDD_TRA
                                                            0 Zeilen exportiert
. . Export der Tabelle                      I$SDD_TRG
                                                            0 Zeilen exportiert
. . Export der Tabelle                   I$SDD_TRGCOL
                                                            0 Zeilen exportiert
. . Export der Tabelle                      I$SDD_TSQ
                                                            0 Zeilen exportiert
. . Export der Tabelle                      I$SDD_UCA
                                                            0 Zeilen exportiert
. . Export der Tabelle                      I$SDD_UDE
                                                            0 Zeilen exportiert
. . Export der Tabelle                   I$SDD_UDECLI
                                                            0 Zeilen exportiert
. . Export der Tabelle                   I$SDD_UDESUP
                                                            0 Zeilen exportiert
. . Export der Tabelle                      I$SDD_UDS
                                                            0 Zeilen exportiert
. . Export der Tabelle                      I$SDD_UEE
                                                            0 Zeilen exportiert
. . Export der Tabelle                      I$SDD_UES
                                                            0 Zeilen exportiert
. . Export der Tabelle                      I$SDD_UID
                                                            0 Zeilen exportiert
. . Export der Tabelle                      I$SDD_UPR
                                                           83 Zeilen exportiert
. . Export der Tabelle                      I$SDD_URU
                                                            0 Zeilen exportiert
. . Export der Tabelle                      I$SDD_USC
                                                            0 Zeilen exportiert
. . Export der Tabelle                   I$SDD_USCACR
                                                            0 Zeilen exportiert
. . Export der Tabelle                   I$SDD_USCEPA
                                                            0 Zeilen exportiert
. . Export der Tabelle                   I$SDD_USCEVI
                                                            0 Zeilen exportiert
. . Export der Tabelle                   I$SDD_USCEVO
                                                            0 Zeilen exportiert
. . Export der Tabelle                    I$SDD_USCE1
                                                            0 Zeilen exportiert
. . Export der Tabelle                   I$SDD_USCUSC
                                                            0 Zeilen exportiert
. . Export der Tabelle                      I$SDD_VAL
                                                            0 Zeilen exportiert
. . Export der Tabelle                   I$SDD_VALGAT
                                                            0 Zeilen exportiert
. . Export der Tabelle     I$SDD_VERSION_ASSOCIATIONS
                                                            0 Zeilen exportiert
. . Export der Tabelle         I$SDD_VERSION_REGISTRY
                                                           65 Zeilen exportiert
. . Export der Tabelle                      I$SDD_VLE
                                                            0 Zeilen exportiert
. . Export der Tabelle                     I$SDD_VLEU
                                                            0 Zeilen exportiert
. . Export der Tabelle                   I$SDD_VLEVOA
                                                            0 Zeilen exportiert
. . Export der Tabelle                      I$SDD_VLI
                                                            0 Zeilen exportiert
. . Export der Tabelle                      I$SDD_VLU
                                                            0 Zeilen exportiert
. . Export der Tabelle                      I$SDD_VOU
                                                            0 Zeilen exportiert
. . Export der Tabelle                    I$SDD_VWTAB
                                                            6 Zeilen exportiert
. . Export der Tabelle               I$SDD_WA_CONTEXT
.
                                                          168 Zeilen exportiert
. . Export der Tabelle                      I$SDD_WAT
                                                            0 Zeilen exportiert
. . Export der Tabelle                      I$SDD_WIN
                                                            0 Zeilen exportiert
. . Export der Tabelle                      I$SDD_WIT
                                                            0 Zeilen exportiert
. . Export der Tabelle                      I$SDD_WMT
                                                            0 Zeilen exportiert
. . Export der Tabelle                I$SDD_WORKAREAS
                                                            1 Zeilen exportiert
. . Export der Tabelle    I$SDD_WORKAREA_SPEC_ENTRIES
                                                            0 Zeilen exportiert
. . Export der Tabelle             L$SDD_NLS_MESSAGES
                                                            0 Zeilen exportiert
. . Export der Tabelle              L$SDD_NLS_PROMPTS
                                                            0 Zeilen exportiert
. . Export der Tabelle     L$SDD_NLS_PROPLIST_ENTRIES
                                                            0 Zeilen exportiert
. . Export der Tabelle            L$SDD_NLS_RESOURCES
                                                            0 Zeilen exportiert
. . Export der Tabelle                M$NLS_LANGUAGES
                                                           46 Zeilen exportiert
. . Export der Tabelle             M$REPOS_PARAMETERS
                                                            5 Zeilen exportiert
. . Export der Tabelle                   ODWA_DETAILS
                                                            0 Zeilen exportiert
. . Export der Tabelle                  ODWA_GRAPHICS
                                                            0 Zeilen exportiert
. . Export der Tabelle           ODWA_GRPH_CATEGORIES
                                                            0 Zeilen exportiert
. . Export der Tabelle                ODWA_HELP_ITEMS
                                                           83 Zeilen exportiert
. . Export der Tabelle                ODWA_HELP_NODES
                                                           79 Zeilen exportiert
. . Export der Tabelle                 ODWA_HELP_TEXT
                                                           85 Zeilen exportiert
. . Export der Tabelle                  ODWA_HOTSPOTS
                                                            0 Zeilen exportiert
. . Export der Tabelle                      ODWA_HTML
                                                            0 Zeilen exportiert
. . Export der Tabelle               ODWA_PREFERENCES
                                                            7 Zeilen exportiert
. . Export der Tabelle                  ODWA_PROVIDED
                                                            0 Zeilen exportiert
. . Export der Tabelle            ODWA_QUALITY_CHECKS
                                                            0 Zeilen exportiert
. . Export der Tabelle             ODWA_QUERY_LIBRARY
                                                            0 Zeilen exportiert
. . Export der Tabelle                  ODWA_SESSIONS
                                                            0 Zeilen exportiert
. . Export der Tabelle              ODWA_VHV_BRANCHES
                                                            0 Zeilen exportiert
. . Export der Tabelle              PIE_ELEMENT_TYPES
                                                           15 Zeilen exportiert
. . Export der Tabelle                     REF_VALUES
....................................
                                                         3608 Zeilen exportiert
. . Export der Tabelle                  RM$ACTIVITIES
. . Export der Tabelle                  RM$ASSERTIONS
........................
                                                         2432 Zeilen exportiert
. . Export der Tabelle             RM$DEFERRED_CHECKS
. . Export der Tabelle            RM$DEFERRED_QUERIES
. . Export der Tabelle           RM_ELEMENT_TYPES_OLD
                                                            0 Zeilen exportiert
. . Export der Tabelle                        RM$INFO
                                                            1 Zeilen exportiert
. . Export der Tabelle   RM_INTERFACE_IMPLEMENTATIONS
                                                            0 Zeilen exportiert
. . Export der Tabelle       RM_LINK_CUSTOMIZED_QUERY
                                                           43 Zeilen exportiert
. . Export der Tabelle  RM_LINK_CUSTOMIZED_QUERY_BIND
                                                            1 Zeilen exportiert
. . Export der Tabelle  RM_LINK_DESCRIPTOR_PROPERTIES
                                                            0 Zeilen exportiert
. . Export der Tabelle                     RM$PATCHES
                                                            6 Zeilen exportiert
. . Export der Tabelle              RM_REG_PROPERTIES
                                                            0 Zeilen exportiert
. . Export der Tabelle                   RM_REG_TYPES
                                                           28 Zeilen exportiert
. . Export der Tabelle                RM$REPOSITORIES
                                                            1 Zeilen exportiert
. . Export der Tabelle                    RM$SESSIONS
                                                            0 Zeilen exportiert
. . Export der Tabelle           RM_SQL_ROW_TYPES_OLD
                                                            0 Zeilen exportiert
. . Export der Tabelle              RM_SQL_TABLES_OLD
                                                            0 Zeilen exportiert
. . Export der Tabelle                  RM$TAB_GROUPS
                                                           11 Zeilen exportiert
. . Export der Tabelle             RM$TAB_TYPE_GROUPS
                                                           52 Zeilen exportiert
. . Export der Tabelle              RM_TEXT_LINES_409
                                                            0 Zeilen exportiert
. . Export der Tabelle                       RM$TOOLS
                                                            0 Zeilen exportiert
. . Export der Tabelle             RM$TOOL_TAB_GROUPS
                                                           11 Zeilen exportiert
. . Export der Tabelle                  RM$VIOLATIONS
. . Export der Tabelle                 SDD_ABTABT_409
                                                            0 Zeilen exportiert
. . Export der Tabelle                    SDD_ABT_409
                                                            0 Zeilen exportiert
. . Export der Tabelle                    SDD_ATP_409
                                                            0 Zeilen exportiert
. . Export der Tabelle                    SDD_CCL_409
                                                            0 Zeilen exportiert
. . Export der Tabelle                    SDD_CSL_409
                                                            0 Zeilen exportiert
. . Export der Tabelle               SDD_DEPENDENCIES
                                                            0 Zeilen exportiert
. . Export der Tabelle           SDD_DEPENDENCY_TYPES
                                                           15 Zeilen exportiert
. . Export der Tabelle            SDD_DEPEND_STATUSES
                                                            4 Zeilen exportiert
. . Export der Tabelle                    SDD_DEU_409
                                                            0 Zeilen exportiert
. . Export der Tabelle       SDD_DIAGRAM_SEGMENTS_409
                                                            0 Zeilen exportiert
. . Export der Tabelle                    SDD_DIA_409
                                                            0 Zeilen exportiert
. . Export der Tabelle            SDD_DPND_DAR_RESULT
                                                            0 Zeilen exportiert
. . Export der Tabelle   SDD_DPND_PURGING_BR_POLICIES
                                                            0 Zeilen exportiert
. . Export der Tabelle  SDD_DPND_PURGING_CFG_POLICIES
                                                            0 Zeilen exportiert
. . Export der Tabelle      SDD_DPND_PURGING_POLICIES
                                                            0 Zeilen exportiert
. . Export der Tabelle           SDD_DPND_QUERY_IN_WA
                                                            0 Zeilen exportiert
. . Export der Tabelle    SDD_DPND_QUERY_OUT_OF_REPOS
                                                            0 Zeilen exportiert
. . Export der Tabelle       SDD_DPND_QUERY_OUT_OF_WA
                                                            0 Zeilen exportiert
. . Export der Tabelle                    SDD_FIL_409
                                                            0 Zeilen exportiert
. . Export der Tabelle        SDD_GLOBAL_NAME_DOMAINS
                                                           87 Zeilen exportiert
. . Export der Tabelle               SDD_GLOBAL_NAMES
                                                            0 Zeilen exportiert
. . Export der Tabelle                    SDD_IVA_409
                                                            0 Zeilen exportiert
. . Export der Tabelle                    SDD_MAP_409
                                                            0 Zeilen exportiert
. . Export der Tabelle    SDD_NLS_GLOBAL_NAME_DOMAINS
                                                           87 Zeilen exportiert
. . Export der Tabelle                    SDD_OPP_409
                                                            0 Zeilen exportiert
. . Export der Tabelle                    SDD_PRS_409
                                                            0 Zeilen exportiert
. . Export der Tabelle                    SDD_PRU_409
                                                            0 Zeilen exportiert
. . Export der Tabelle             SDD_RESERVED_NAMES
...................................................................
                                                         6797 Zeilen exportiert
. . Export der Tabelle                 SDD_TCOTME_409
                                                            0 Zeilen exportiert
. . Export der Tabelle                    SDD_TCO_409
                                                            0 Zeilen exportiert
. . Export der Tabelle                    SDD_TME_409
                                                            0 Zeilen exportiert
. . Export der Tabelle                    SDD_TMS_409
                                                            0 Zeilen exportiert
. . Export der Tabelle                 SDD_TOPABT_409
                                                            0 Zeilen exportiert
. . Export der Tabelle                    SDD_UDS_409
                                                            0 Zeilen exportiert
. . Export der Tabelle                    SDD_UPR_409
                                                            0 Zeilen exportiert
. . Export der Tabelle                    SDD_VVA_409
                                                            0 Zeilen exportiert
. . Export der Tabelle              SDW_ACCESS_RIGHTS
                                                            7 Zeilen exportiert
. . Export der Tabelle                      SDW_USERS
                                                            2 Zeilen exportiert
. . Export der Tabelle   SDW_VALID_STRUCTURE_ELEMENTS
....
                                                          422 Zeilen exportiert
. . Export der Tabelle      XT_CIUE_ASSOCIATION_TYPES
                                                            0 Zeilen exportiert
. . Export der Tabelle          XT_CIUE_ELEMENT_TYPES
                                                            0 Zeilen exportiert
. . Export der Tabelle             XT_CIUE_PROPERTIES
                                                            0 Zeilen exportiert
. . Export der Tabelle             XT_CIUE_TEXT_TYPES
                                                            0 Zeilen exportiert
. . Export der Tabelle            XT_CIUE_TEXT_USAGES
                                                            0 Zeilen exportiert
. . Export der Tabelle                     XT_SDD_COL
                                                           62 Zeilen exportiert
. . Export der Tabelle            XT_SDD_DEPENDENCIES
                                                            0 Zeilen exportiert
. . Export der Tabelle        XT_SDD_DEPENDENCY_TYPES
                                                            0 Zeilen exportiert
. . Export der Tabelle                     XT_SDD_DOM
                                                           19 Zeilen exportiert
. . Export der Tabelle                   XT_SDD_FILES
                                                            0 Zeilen exportiert
. . Export der Tabelle          XT_SDD_FOLDER_MEMBERS
                                                           35 Zeilen exportiert
. . Export der Tabelle                 XT_SDD_FOLDERS
                                                            1 Zeilen exportiert
. . Export der Tabelle     XT_SDD_GLOBAL_NAME_DOMAINS
                                                            0 Zeilen exportiert
. . Export der Tabelle            XT_SDD_GLOBAL_NAMES
                                                            0 Zeilen exportiert
. . Export der Tabelle         XT_SDD_OBJECT_VERSIONS
                                                           35 Zeilen exportiert
. . Export der Tabelle                     XT_SDD_OCO
                                                           20 Zeilen exportiert
. . Export der Tabelle                     XT_SDD_OKY
                                                           28 Zeilen exportiert
. . Export der Tabelle                     XT_SDD_OSQ
                                                            8 Zeilen exportiert
. . Export der Tabelle                     XT_SDD_TAB
                                                            7 Zeilen exportiert
. . Export der Tabelle             XT_SDD_WASTEBASKET
                                                            1 Zeilen exportiert
. . Export der Tabelle           XTSYS_EXPORT_OBJECTS
                                                            1 Zeilen exportiert
. . Export der Tabelle      XTSYS_IMPORT_IRID_MAPPING
.
                                                          181 Zeilen exportiert
. . Export der Tabelle      XTSYS_IMPORT_IVID_MAPPING
.
                                                          181 Zeilen exportiert
. . Export der Tabelle          XTSYS_RM$REPOSITORIES
                                                            1 Zeilen exportiert
. . Export der Tabelle            XTSYS_TABS_EXPORTED
                                                           16 Zeilen exportiert
. Synonyme werden exportiert
. Views werden exportiert
. Gespeicherte Prozeduren werden exportiert
. Operatoren werden exportiert
. Referentielle Integritäts-Constraints werden exportiert
. Trigger werden exportiert
. Indextypen werden exportiert
. Bitmap-, funktionale und erweiterbare Indizes werden exportiert
. Exportieren von Posttable-Aktionen
. Materialized Views werden exportiert
. Snapshot-Log werden exportiert
. Exportieren von Job-Queues
. Exportieren von Aktualisierengruppen und untergeordneten Gruppen
. Dimensionen werden exportiert
. Prozedurale Post-Schema-Objekte und -Aktionen werden exportiert
. Statistiken werden exportiert
Export erfolgreich ohne Warnungen beendet.
